{"/home/travis/build/npmtest/node-npmtest-rewire/test.js":{"path":"/home/travis/build/npmtest/node-npmtest-rewire/test.js","s":{"1":2,"2":2,"3":2,"4":2,"5":2,"6":2,"7":2,"8":1,"9":2,"10":2,"11":1,"12":1,"13":1,"14":1,"15":2,"16":2,"17":2,"18":2,"19":1,"20":1,"21":2,"22":2,"23":2,"24":1,"25":1,"26":1,"27":1,"28":1,"29":1,"30":1,"31":1,"32":1,"33":1,"34":1,"35":1,"36":1,"37":1,"38":1,"39":2,"40":2,"41":1,"42":2,"43":2,"44":1,"45":2,"46":2,"47":1,"48":2,"49":2,"50":1,"51":1,"52":1,"53":1,"54":1},"b":{"1":[2,1,1,1],"2":[1,1,1,1],"3":[1,1],"4":[1,1],"5":[1,1],"6":[1,1],"7":[1,1],"8":[1,1],"9":[1,1],"10":[1,1,1],"11":[1,1],"12":[1,1],"13":[1,1],"14":[1,1],"15":[1,1],"16":[1,1],"17":[1,1]},"f":{"1":2,"2":2,"3":2,"4":2,"5":2,"6":1,"7":1,"8":1,"9":2,"10":2,"11":2,"12":2,"13":1},"fnMap":{"1":{"name":"(anonymous_1)","line":12,"loc":{"start":{"line":12,"column":1},"end":{"line":12,"column":13}}},"2":{"name":"(anonymous_2)","line":19,"loc":{"start":{"line":19,"column":5},"end":{"line":19,"column":17}}},"3":{"name":"(anonymous_3)","line":23,"loc":{"start":{"line":23,"column":24},"end":{"line":23,"column":36}}},"4":{"name":"(anonymous_4)","line":61,"loc":{"start":{"line":61,"column":5},"end":{"line":61,"column":17}}},"5":{"name":"(anonymous_5)","line":82,"loc":{"start":{"line":82,"column":5},"end":{"line":82,"column":17}}},"6":{"name":"(anonymous_6)","line":91,"loc":{"start":{"line":91,"column":77},"end":{"line":94,"column":10}}},"7":{"name":"(anonymous_7)","line":112,"loc":{"start":{"line":112,"column":83},"end":{"line":115,"column":10}},"skip":true},"8":{"name":"(anonymous_8)","line":123,"loc":{"start":{"line":123,"column":77},"end":{"line":126,"column":10}},"skip":true},"9":{"name":"(anonymous_9)","line":139,"loc":{"start":{"line":139,"column":12},"end":{"line":139,"column":40}},"skip":true},"10":{"name":"(anonymous_10)","line":147,"loc":{"start":{"line":147,"column":77},"end":{"line":150,"column":10}},"skip":true},"11":{"name":"(anonymous_11)","line":158,"loc":{"start":{"line":158,"column":83},"end":{"line":161,"column":10}},"skip":true},"12":{"name":"(anonymous_12)","line":169,"loc":{"start":{"line":169,"column":79},"end":{"line":172,"column":10}},"skip":true},"13":{"name":"(anonymous_13)","line":180,"loc":{"start":{"line":180,"column":75},"end":{"line":183,"column":10}},"skip":true}},"statementMap":{"1":{"start":{"line":12,"column":0},"end":{"line":195,"column":5}},"2":{"start":{"line":14,"column":4},"end":{"line":14,"column":14}},"3":{"start":{"line":19,"column":4},"end":{"line":56,"column":9}},"4":{"start":{"line":21,"column":8},"end":{"line":21,"column":19}},"5":{"start":{"line":23,"column":8},"end":{"line":35,"column":13}},"6":{"start":{"line":24,"column":12},"end":{"line":34,"column":13}},"7":{"start":{"line":25,"column":16},"end":{"line":28,"column":30}},"8":{"start":{"line":30,"column":16},"end":{"line":33,"column":27}},"9":{"start":{"line":37,"column":8},"end":{"line":39,"column":21}},"10":{"start":{"line":40,"column":8},"end":{"line":53,"column":9}},"11":{"start":{"line":43,"column":12},"end":{"line":46,"column":14}},"12":{"start":{"line":47,"column":12},"end":{"line":47,"column":18}},"13":{"start":{"line":50,"column":12},"end":{"line":51,"column":46}},"14":{"start":{"line":52,"column":12},"end":{"line":52,"column":18}},"15":{"start":{"line":55,"column":8},"end":{"line":55,"column":35}},"16":{"start":{"line":61,"column":4},"end":{"line":63,"column":9}},"17":{"start":{"line":62,"column":8},"end":{"line":62,"column":15}},"18":{"start":{"line":64,"column":4},"end":{"line":77,"column":5}},"19":{"start":{"line":70,"column":8},"end":{"line":70,"column":14}},"20":{"start":{"line":76,"column":8},"end":{"line":76,"column":14}},"21":{"start":{"line":82,"column":4},"end":{"line":84,"column":9}},"22":{"start":{"line":83,"column":8},"end":{"line":83,"column":15}},"23":{"start":{"line":85,"column":4},"end":{"line":194,"column":5}},"24":{"start":{"line":91,"column":8},"end":{"line":99,"column":10}},"25":{"start":{"line":98,"column":12},"end":{"line":98,"column":35}},"26":{"start":{"line":102,"column":8},"end":{"line":104,"column":63}},"27":{"start":{"line":105,"column":8},"end":{"line":105,"column":14}},"28":{"start":{"line":112,"column":8},"end":{"line":121,"column":10},"skip":true},"29":{"start":{"line":119,"column":12},"end":{"line":119,"column":55},"skip":true},"30":{"start":{"line":120,"column":12},"end":{"line":120,"column":48},"skip":true},"31":{"start":{"line":123,"column":8},"end":{"line":136,"column":10},"skip":true},"32":{"start":{"line":130,"column":12},"end":{"line":130,"column":76},"skip":true},"33":{"start":{"line":131,"column":12},"end":{"line":131,"column":73},"skip":true},"34":{"start":{"line":132,"column":12},"end":{"line":132,"column":74},"skip":true},"35":{"start":{"line":133,"column":12},"end":{"line":133,"column":79},"skip":true},"36":{"start":{"line":134,"column":12},"end":{"line":134,"column":25},"skip":true},"37":{"start":{"line":135,"column":12},"end":{"line":135,"column":45},"skip":true},"38":{"start":{"line":138,"column":8},"end":{"line":145,"column":14},"skip":true},"39":{"start":{"line":143,"column":16},"end":{"line":143,"column":29},"skip":true},"40":{"start":{"line":144,"column":16},"end":{"line":144,"column":55},"skip":true},"41":{"start":{"line":147,"column":8},"end":{"line":156,"column":10},"skip":true},"42":{"start":{"line":154,"column":12},"end":{"line":154,"column":25},"skip":true},"43":{"start":{"line":155,"column":12},"end":{"line":155,"column":45},"skip":true},"44":{"start":{"line":158,"column":8},"end":{"line":167,"column":10},"skip":true},"45":{"start":{"line":165,"column":12},"end":{"line":165,"column":25},"skip":true},"46":{"start":{"line":166,"column":12},"end":{"line":166,"column":48},"skip":true},"47":{"start":{"line":169,"column":8},"end":{"line":178,"column":10},"skip":true},"48":{"start":{"line":176,"column":12},"end":{"line":176,"column":25},"skip":true},"49":{"start":{"line":177,"column":12},"end":{"line":177,"column":46},"skip":true},"50":{"start":{"line":180,"column":8},"end":{"line":189,"column":10},"skip":true},"51":{"start":{"line":187,"column":12},"end":{"line":187,"column":94},"skip":true},"52":{"start":{"line":188,"column":12},"end":{"line":188,"column":48},"skip":true},"53":{"start":{"line":192,"column":8},"end":{"line":192,"column":35},"skip":true},"54":{"start":{"line":193,"column":8},"end":{"line":193,"column":14},"skip":true}},"branchMap":{"1":{"line":25,"type":"binary-expr","locations":[{"start":{"line":25,"column":23},"end":{"line":25,"column":62}},{"start":{"line":26,"column":20},"end":{"line":26,"column":70}},{"start":{"line":27,"column":20},"end":{"line":27,"column":71}},{"start":{"line":28,"column":20},"end":{"line":28,"column":29}}]},"2":{"line":30,"type":"binary-expr","locations":[{"start":{"line":30,"column":23},"end":{"line":30,"column":37}},{"start":{"line":31,"column":20},"end":{"line":31,"column":61}},{"start":{"line":32,"column":20},"end":{"line":32,"column":70}},{"start":{"line":33,"column":20},"end":{"line":33,"column":26}}]},"3":{"line":37,"type":"cond-expr","locations":[{"start":{"line":38,"column":14},"end":{"line":38,"column":20}},{"start":{"line":39,"column":14},"end":{"line":39,"column":20}}]},"4":{"line":40,"type":"switch","locations":[{"start":{"line":42,"column":8},"end":{"line":47,"column":18}},{"start":{"line":49,"column":8},"end":{"line":52,"column":18}}]},"5":{"line":44,"type":"binary-expr","locations":[{"start":{"line":44,"column":16},"end":{"line":44,"column":44}},{"start":{"line":44,"column":48},"end":{"line":44,"column":66}}]},"6":{"line":50,"type":"binary-expr","locations":[{"start":{"line":50,"column":21},"end":{"line":50,"column":49}},{"start":{"line":50,"column":53},"end":{"line":50,"column":72}}]},"7":{"line":64,"type":"switch","locations":[{"start":{"line":69,"column":4},"end":{"line":70,"column":14}},{"start":{"line":75,"column":4},"end":{"line":76,"column":14}}]},"8":{"line":85,"type":"switch","locations":[{"start":{"line":90,"column":4},"end":{"line":105,"column":14}},{"start":{"line":111,"column":4},"end":{"line":193,"column":14},"skip":true}]},"9":{"line":91,"type":"binary-expr","locations":[{"start":{"line":91,"column":42},"end":{"line":91,"column":73}},{"start":{"line":91,"column":77},"end":{"line":99,"column":9}}]},"10":{"line":102,"type":"binary-expr","locations":[{"start":{"line":102,"column":18},"end":{"line":102,"column":32}},{"start":{"line":103,"column":12},"end":{"line":103,"column":53}},{"start":{"line":104,"column":12},"end":{"line":104,"column":61}}]},"11":{"line":112,"type":"binary-expr","locations":[{"start":{"line":112,"column":45},"end":{"line":112,"column":79},"skip":true},{"start":{"line":112,"column":83},"end":{"line":121,"column":9},"skip":true}]},"12":{"line":123,"type":"binary-expr","locations":[{"start":{"line":123,"column":42},"end":{"line":123,"column":73},"skip":true},{"start":{"line":123,"column":77},"end":{"line":136,"column":9},"skip":true}]},"13":{"line":138,"type":"binary-expr","locations":[{"start":{"line":138,"column":48},"end":{"line":138,"column":85},"skip":true},{"start":{"line":139,"column":12},"end":{"line":145,"column":13},"skip":true}]},"14":{"line":147,"type":"binary-expr","locations":[{"start":{"line":147,"column":42},"end":{"line":147,"column":73},"skip":true},{"start":{"line":147,"column":77},"end":{"line":156,"column":9},"skip":true}]},"15":{"line":158,"type":"binary-expr","locations":[{"start":{"line":158,"column":45},"end":{"line":158,"column":79},"skip":true},{"start":{"line":158,"column":83},"end":{"line":167,"column":9},"skip":true}]},"16":{"line":169,"type":"binary-expr","locations":[{"start":{"line":169,"column":43},"end":{"line":169,"column":75},"skip":true},{"start":{"line":169,"column":79},"end":{"line":178,"column":9},"skip":true}]},"17":{"line":180,"type":"binary-expr","locations":[{"start":{"line":180,"column":41},"end":{"line":180,"column":71},"skip":true},{"start":{"line":180,"column":75},"end":{"line":189,"column":9},"skip":true}]}},"code":["/* istanbul instrument in package npmtest_rewire */","/*jslint","    bitwise: true,","    browser: true,","    maxerr: 8,","    maxlen: 96,","    node: true,","    nomen: true,","    regexp: true,","    stupid: true","*/","(function () {","    'use strict';","    var local;","","","","    // run shared js-env code - pre-init","    (function () {","        // init local","        local = {};","        // init modeJs","        local.modeJs = (function () {","            try {","                return typeof navigator.userAgent === 'string' &&","                    typeof document.querySelector('body') === 'object' &&","                    typeof XMLHttpRequest.prototype.open === 'function' &&","                    'browser';","            } catch (errorCaughtBrowser) {","                return module.exports &&","                    typeof process.versions.node === 'string' &&","                    typeof require('http').createServer === 'function' &&","                    'node';","            }","        }());","        // init global","        local.global = local.modeJs === 'browser'","            ? window","            : global;","        switch (local.modeJs) {","        // re-init local from window.local","        case 'browser':","            local = local.global.utility2.objectSetDefault(","                local.global.utility2_rollup || local.global.local,","                local.global.utility2","            );","            break;","        // re-init local from example.js","        case 'node':","            local = (local.global.utility2_rollup || require('utility2'))","                .requireExampleJsFromReadme();","            break;","        }","        // export local","        local.global.local = local;","    }());","","","","    // run shared js-env code - function","    (function () {","        return;","    }());","    switch (local.modeJs) {","","","","    // run browser js-env code - function","    case 'browser':","        break;","","","","    // run node js-env code - function","    case 'node':","        break;","    }","","","","    // run shared js-env code - post-init","    (function () {","        return;","    }());","    switch (local.modeJs) {","","","","    // run browser js-env code - post-init","    case 'browser':","        local.testCase_browser_nullCase = local.testCase_browser_nullCase || function (","            options,","            onError","        ) {","        /*","         * this function will test browsers's null-case handling-behavior-behavior","         */","            onError(null, options);","        };","","        // run tests","        local.nop(local.modeTest &&","            document.querySelector('#testRunButton1') &&","            document.querySelector('#testRunButton1').click());","        break;","","","","    // run node js-env code - post-init","    /* istanbul ignore next */","    case 'node':","        local.testCase_buildApidoc_default = local.testCase_buildApidoc_default || function (","            options,","            onError","        ) {","        /*","         * this function will test buildApidoc's default handling-behavior-behavior","         */","            options = { modulePathList: module.paths };","            local.buildApidoc(options, onError);","        };","","        local.testCase_buildApp_default = local.testCase_buildApp_default || function (","            options,","            onError","        ) {","        /*","         * this function will test buildApp's default handling-behavior-behavior","         */","            local.testCase_buildReadme_default(options, local.onErrorThrow);","            local.testCase_buildLib_default(options, local.onErrorThrow);","            local.testCase_buildTest_default(options, local.onErrorThrow);","            local.testCase_buildCustomOrg_default(options, local.onErrorThrow);","            options = [];","            local.buildApp(options, onError);","        };","","        local.testCase_buildCustomOrg_default = local.testCase_buildCustomOrg_default ||","            function (options, onError) {","            /*","             * this function will test buildCustomOrg's default handling-behavior","             */","                options = {};","                local.buildCustomOrg(options, onError);","            };","","        local.testCase_buildLib_default = local.testCase_buildLib_default || function (","            options,","            onError","        ) {","        /*","         * this function will test buildLib's default handling-behavior","         */","            options = {};","            local.buildLib(options, onError);","        };","","        local.testCase_buildReadme_default = local.testCase_buildReadme_default || function (","            options,","            onError","        ) {","        /*","         * this function will test buildReadme's default handling-behavior-behavior","         */","            options = {};","            local.buildReadme(options, onError);","        };","","        local.testCase_buildTest_default = local.testCase_buildTest_default || function (","            options,","            onError","        ) {","        /*","         * this function will test buildTest's default handling-behavior","         */","            options = {};","            local.buildTest(options, onError);","        };","","        local.testCase_webpage_default = local.testCase_webpage_default || function (","            options,","            onError","        ) {","        /*","         * this function will test webpage's default handling-behavior","         */","            options = { modeCoverageMerge: true, url: local.serverLocalHost + '?modeTest=1' };","            local.browserTest(options, onError);","        };","","        // run test-server","        local.testRunServer(local);","        break;","    }","}());",""],"l":{"12":2,"14":2,"19":2,"21":2,"23":2,"24":2,"25":2,"30":1,"37":2,"40":2,"43":1,"47":1,"50":1,"52":1,"55":2,"61":2,"62":2,"64":2,"70":1,"76":1,"82":2,"83":2,"85":2,"91":1,"98":1,"102":1,"105":1,"112":1,"119":1,"120":1,"123":1,"130":1,"131":1,"132":1,"133":1,"134":1,"135":1,"138":1,"143":2,"144":2,"147":1,"154":2,"155":2,"158":1,"165":2,"166":2,"169":1,"176":2,"177":2,"180":1,"187":1,"188":1,"192":1,"193":1}},"/home/travis/build/npmtest/node-npmtest-rewire/lib.npmtest_rewire.js":{"path":"/home/travis/build/npmtest/node-npmtest-rewire/lib.npmtest_rewire.js","s":{"1":2,"2":2,"3":2,"4":2,"5":2,"6":2,"7":2,"8":1,"9":2,"10":2,"11":2,"12":2,"13":1,"14":1,"15":1,"16":1},"b":{"1":[2,1,1,1],"2":[1,1,1,1],"3":[1,1],"4":[2,2],"5":[1,1]},"f":{"1":2,"2":2,"3":2},"fnMap":{"1":{"name":"(anonymous_1)","line":12,"loc":{"start":{"line":12,"column":1},"end":{"line":12,"column":13}}},"2":{"name":"(anonymous_2)","line":19,"loc":{"start":{"line":19,"column":5},"end":{"line":19,"column":17}}},"3":{"name":"(anonymous_3)","line":23,"loc":{"start":{"line":23,"column":24},"end":{"line":23,"column":36}}}},"statementMap":{"1":{"start":{"line":12,"column":0},"end":{"line":53,"column":5}},"2":{"start":{"line":14,"column":4},"end":{"line":14,"column":14}},"3":{"start":{"line":19,"column":4},"end":{"line":52,"column":9}},"4":{"start":{"line":21,"column":8},"end":{"line":21,"column":19}},"5":{"start":{"line":23,"column":8},"end":{"line":35,"column":13}},"6":{"start":{"line":24,"column":12},"end":{"line":34,"column":13}},"7":{"start":{"line":25,"column":16},"end":{"line":28,"column":30}},"8":{"start":{"line":30,"column":16},"end":{"line":33,"column":27}},"9":{"start":{"line":37,"column":8},"end":{"line":39,"column":21}},"10":{"start":{"line":41,"column":8},"end":{"line":41,"column":54}},"11":{"start":{"line":43,"column":8},"end":{"line":43,"column":51}},"12":{"start":{"line":45,"column":8},"end":{"line":51,"column":9}},"13":{"start":{"line":46,"column":12},"end":{"line":46,"column":57}},"14":{"start":{"line":48,"column":12},"end":{"line":48,"column":35}},"15":{"start":{"line":49,"column":12},"end":{"line":49,"column":49}},"16":{"start":{"line":50,"column":12},"end":{"line":50,"column":43}}},"branchMap":{"1":{"line":25,"type":"binary-expr","locations":[{"start":{"line":25,"column":23},"end":{"line":25,"column":62}},{"start":{"line":26,"column":20},"end":{"line":26,"column":70}},{"start":{"line":27,"column":20},"end":{"line":27,"column":71}},{"start":{"line":28,"column":20},"end":{"line":28,"column":29}}]},"2":{"line":30,"type":"binary-expr","locations":[{"start":{"line":30,"column":23},"end":{"line":30,"column":37}},{"start":{"line":31,"column":20},"end":{"line":31,"column":61}},{"start":{"line":32,"column":20},"end":{"line":32,"column":70}},{"start":{"line":33,"column":20},"end":{"line":33,"column":26}}]},"3":{"line":37,"type":"cond-expr","locations":[{"start":{"line":38,"column":14},"end":{"line":38,"column":20}},{"start":{"line":39,"column":14},"end":{"line":39,"column":20}}]},"4":{"line":41,"type":"binary-expr","locations":[{"start":{"line":41,"column":16},"end":{"line":41,"column":44}},{"start":{"line":41,"column":48},"end":{"line":41,"column":53}}]},"5":{"line":45,"type":"if","locations":[{"start":{"line":45,"column":8},"end":{"line":45,"column":8}},{"start":{"line":45,"column":8},"end":{"line":45,"column":8}}]}},"code":["/* istanbul instrument in package npmtest_rewire */","/*jslint","    bitwise: true,","    browser: true,","    maxerr: 8,","    maxlen: 96,","    node: true,","    nomen: true,","    regexp: true,","    stupid: true","*/","(function () {","    'use strict';","    var local;","","","","    // run shared js-env code - pre-init","    (function () {","        // init local","        local = {};","        // init modeJs","        local.modeJs = (function () {","            try {","                return typeof navigator.userAgent === 'string' &&","                    typeof document.querySelector('body') === 'object' &&","                    typeof XMLHttpRequest.prototype.open === 'function' &&","                    'browser';","            } catch (errorCaughtBrowser) {","                return module.exports &&","                    typeof process.versions.node === 'string' &&","                    typeof require('http').createServer === 'function' &&","                    'node';","            }","        }());","        // init global","        local.global = local.modeJs === 'browser'","            ? window","            : global;","        // init utility2_rollup","        local = local.global.utility2_rollup || local;","        // init lib","        local.local = local.npmtest_rewire = local;","        // init exports","        if (local.modeJs === 'browser') {","            local.global.utility2_npmtest_rewire = local;","        } else {","            module.exports = local;","            module.exports.__dirname = __dirname;","            module.exports.module = module;","        }","    }());","}());",""],"l":{"12":2,"14":2,"19":2,"21":2,"23":2,"24":2,"25":2,"30":1,"37":2,"41":2,"43":2,"45":2,"46":1,"48":1,"49":1,"50":1}},"/home/travis/build/npmtest/node-npmtest-rewire/example.js":{"path":"/home/travis/build/npmtest/node-npmtest-rewire/example.js","s":{"1":2,"2":2,"3":2,"4":2,"5":2,"6":2,"7":2,"8":1,"9":2,"10":2,"11":2,"12":2,"13":1,"14":2,"15":2,"16":2,"17":2,"18":2,"19":0,"20":2,"21":1,"22":1,"23":1,"24":1,"25":1,"26":0,"27":0,"28":1,"29":1,"30":2,"31":0,"32":0,"33":0,"34":1,"35":2,"36":2,"37":3,"38":3,"39":3,"40":3,"41":0,"42":3,"43":3,"44":3,"45":1,"46":3,"47":1,"48":1,"49":1,"50":1,"51":1,"52":1,"53":1,"54":1,"55":1,"56":1,"57":0,"58":1,"59":6,"60":6,"61":1,"62":2,"63":0,"64":2,"65":1,"66":1,"67":0,"68":0,"69":0,"70":0,"71":0,"72":0,"73":0,"74":0,"75":0,"76":0,"77":0,"78":0,"79":0,"80":0,"81":0,"82":0,"83":0},"b":{"1":[2,1,1,1],"2":[1,1,1,1],"3":[1,1],"4":[2,2],"5":[1,1],"6":[1,1],"7":[2,0],"8":[2,1,1,1,1,1],"9":[0,2,0],"10":[1,1],"11":[2,1,1],"12":[1,0],"13":[0,2],"14":[2,0,0,0,0,0,0],"15":[0,3],"16":[3,0],"17":[1,1],"18":[0,1],"19":[1,2,0,2],"20":[1,0],"21":[1,1],"22":[0,0],"23":[0,0],"24":[0,0],"25":[0,0],"26":[0,0],"27":[0,0],"28":[0,0]},"f":{"1":2,"2":2,"3":2,"4":2,"5":2,"6":2,"7":3,"8":3,"9":3,"10":1,"11":6,"12":0},"fnMap":{"1":{"name":"(anonymous_1)","line":26,"loc":{"start":{"line":26,"column":1},"end":{"line":26,"column":13}}},"2":{"name":"(anonymous_2)","line":33,"loc":{"start":{"line":33,"column":5},"end":{"line":33,"column":17}}},"3":{"name":"(anonymous_3)","line":37,"loc":{"start":{"line":37,"column":24},"end":{"line":37,"column":36}}},"4":{"name":"(anonymous_4)","line":69,"loc":{"start":{"line":69,"column":31},"end":{"line":69,"column":48}},"skip":true},"5":{"name":"(anonymous_5)","line":78,"loc":{"start":{"line":78,"column":26},"end":{"line":78,"column":45}},"skip":true},"6":{"name":"(anonymous_6)","line":123,"loc":{"start":{"line":123,"column":33},"end":{"line":123,"column":48}},"skip":true},"7":{"name":"(anonymous_7)","line":125,"loc":{"start":{"line":125,"column":27},"end":{"line":125,"column":39}},"skip":true},"8":{"name":"(anonymous_8)","line":133,"loc":{"start":{"line":133,"column":59},"end":{"line":133,"column":74}},"skip":true},"9":{"name":"(anonymous_9)","line":143,"loc":{"start":{"line":143,"column":45},"end":{"line":143,"column":62}},"skip":true},"10":{"name":"(anonymous_10)","line":144,"loc":{"start":{"line":144,"column":73},"end":{"line":144,"column":92}},"skip":true},"11":{"name":"(anonymous_11)","line":272,"loc":{"start":{"line":272,"column":51},"end":{"line":272,"column":77}},"skip":true},"12":{"name":"(anonymous_12)","line":315,"loc":{"start":{"line":315,"column":32},"end":{"line":315,"column":61}},"skip":true}},"statementMap":{"1":{"start":{"line":26,"column":0},"end":{"line":326,"column":5}},"2":{"start":{"line":28,"column":4},"end":{"line":28,"column":14}},"3":{"start":{"line":33,"column":4},"end":{"line":60,"column":9}},"4":{"start":{"line":35,"column":8},"end":{"line":35,"column":19}},"5":{"start":{"line":37,"column":8},"end":{"line":49,"column":13}},"6":{"start":{"line":38,"column":12},"end":{"line":48,"column":13}},"7":{"start":{"line":39,"column":16},"end":{"line":42,"column":30}},"8":{"start":{"line":44,"column":16},"end":{"line":47,"column":27}},"9":{"start":{"line":51,"column":8},"end":{"line":53,"column":21}},"10":{"start":{"line":55,"column":8},"end":{"line":57,"column":45}},"11":{"start":{"line":59,"column":8},"end":{"line":59,"column":35}},"12":{"start":{"line":61,"column":4},"end":{"line":325,"column":5}},"13":{"start":{"line":69,"column":8},"end":{"line":121,"column":10},"skip":true},"14":{"start":{"line":70,"column":12},"end":{"line":88,"column":13},"skip":true},"15":{"start":{"line":76,"column":16},"end":{"line":87,"column":19},"skip":true},"16":{"start":{"line":79,"column":20},"end":{"line":86,"column":21},"skip":true},"17":{"start":{"line":82,"column":24},"end":{"line":82,"column":43},"skip":true},"18":{"start":{"line":83,"column":24},"end":{"line":83,"column":30},"skip":true},"19":{"start":{"line":85,"column":24},"end":{"line":85,"column":49},"skip":true},"20":{"start":{"line":89,"column":12},"end":{"line":107,"column":13},"skip":true},"21":{"start":{"line":92,"column":16},"end":{"line":102,"column":17},"skip":true},"22":{"start":{"line":93,"column":20},"end":{"line":93,"column":86},"skip":true},"23":{"start":{"line":94,"column":20},"end":{"line":95,"column":45},"skip":true},"24":{"start":{"line":96,"column":20},"end":{"line":96,"column":42},"skip":true},"25":{"start":{"line":97,"column":20},"end":{"line":97,"column":48},"skip":true},"26":{"start":{"line":100,"column":20},"end":{"line":100,"column":85},"skip":true},"27":{"start":{"line":101,"column":20},"end":{"line":101,"column":96},"skip":true},"28":{"start":{"line":103,"column":16},"end":{"line":103,"column":22},"skip":true},"29":{"start":{"line":106,"column":16},"end":{"line":106,"column":22},"skip":true},"30":{"start":{"line":108,"column":12},"end":{"line":120,"column":13},"skip":true},"31":{"start":{"line":114,"column":16},"end":{"line":119,"column":17},"skip":true},"32":{"start":{"line":116,"column":20},"end":{"line":116,"column":78},"skip":true},"33":{"start":{"line":118,"column":20},"end":{"line":118,"column":47},"skip":true},"34":{"start":{"line":123,"column":8},"end":{"line":141,"column":11},"skip":true},"35":{"start":{"line":124,"column":12},"end":{"line":124,"column":54},"skip":true},"36":{"start":{"line":125,"column":12},"end":{"line":140,"column":14},"skip":true},"37":{"start":{"line":126,"column":16},"end":{"line":126,"column":28},"skip":true},"38":{"start":{"line":127,"column":16},"end":{"line":127,"column":69},"skip":true},"39":{"start":{"line":128,"column":16},"end":{"line":128,"column":75},"skip":true},"40":{"start":{"line":129,"column":16},"end":{"line":131,"column":17},"skip":true},"41":{"start":{"line":130,"column":20},"end":{"line":130,"column":27},"skip":true},"42":{"start":{"line":133,"column":16},"end":{"line":137,"column":36},"skip":true},"43":{"start":{"line":134,"column":20},"end":{"line":136,"column":55},"skip":true},"44":{"start":{"line":139,"column":16},"end":{"line":139,"column":57},"skip":true},"45":{"start":{"line":143,"column":8},"end":{"line":147,"column":11},"skip":true},"46":{"start":{"line":144,"column":12},"end":{"line":146,"column":15},"skip":true},"47":{"start":{"line":145,"column":16},"end":{"line":145,"column":70},"skip":true},"48":{"start":{"line":149,"column":8},"end":{"line":149,"column":31},"skip":true},"49":{"start":{"line":150,"column":8},"end":{"line":150,"column":14},"skip":true},"50":{"start":{"line":158,"column":8},"end":{"line":158,"column":31},"skip":true},"51":{"start":{"line":160,"column":8},"end":{"line":160,"column":33},"skip":true},"52":{"start":{"line":161,"column":8},"end":{"line":161,"column":37},"skip":true},"53":{"start":{"line":162,"column":8},"end":{"line":162,"column":35},"skip":true},"54":{"start":{"line":164,"column":8},"end":{"line":164,"column":50},"skip":true},"55":{"start":{"line":166,"column":8},"end":{"line":256,"column":2},"skip":true},"56":{"start":{"line":258,"column":8},"end":{"line":286,"column":9},"skip":true},"57":{"start":{"line":259,"column":12},"end":{"line":269,"column":14},"skip":true},"58":{"start":{"line":271,"column":12},"end":{"line":285,"column":19},"skip":true},"59":{"start":{"line":274,"column":20},"end":{"line":274,"column":35},"skip":true},"60":{"start":{"line":275,"column":20},"end":{"line":284,"column":21},"skip":true},"61":{"start":{"line":277,"column":24},"end":{"line":277,"column":64},"skip":true},"62":{"start":{"line":279,"column":24},"end":{"line":279,"column":40},"skip":true},"63":{"start":{"line":281,"column":24},"end":{"line":281,"column":40},"skip":true},"64":{"start":{"line":283,"column":24},"end":{"line":283,"column":39},"skip":true},"65":{"start":{"line":288,"column":8},"end":{"line":290,"column":9},"skip":true},"66":{"start":{"line":289,"column":12},"end":{"line":289,"column":18},"skip":true},"67":{"start":{"line":291,"column":8},"end":{"line":293,"column":54},"skip":true},"68":{"start":{"line":296,"column":8},"end":{"line":301,"column":37},"skip":true},"69":{"start":{"line":303,"column":8},"end":{"line":303,"column":82},"skip":true},"70":{"start":{"line":306,"column":8},"end":{"line":308,"column":9},"skip":true},"71":{"start":{"line":307,"column":12},"end":{"line":307,"column":82},"skip":true},"72":{"start":{"line":310,"column":8},"end":{"line":312,"column":9},"skip":true},"73":{"start":{"line":311,"column":12},"end":{"line":311,"column":18},"skip":true},"74":{"start":{"line":313,"column":8},"end":{"line":313,"column":54},"skip":true},"75":{"start":{"line":314,"column":8},"end":{"line":314,"column":69},"skip":true},"76":{"start":{"line":315,"column":8},"end":{"line":323,"column":36},"skip":true},"77":{"start":{"line":316,"column":12},"end":{"line":316,"column":61},"skip":true},"78":{"start":{"line":317,"column":12},"end":{"line":320,"column":13},"skip":true},"79":{"start":{"line":318,"column":16},"end":{"line":318,"column":75},"skip":true},"80":{"start":{"line":319,"column":16},"end":{"line":319,"column":23},"skip":true},"81":{"start":{"line":321,"column":12},"end":{"line":321,"column":38},"skip":true},"82":{"start":{"line":322,"column":12},"end":{"line":322,"column":27},"skip":true},"83":{"start":{"line":324,"column":8},"end":{"line":324,"column":14},"skip":true}},"branchMap":{"1":{"line":39,"type":"binary-expr","locations":[{"start":{"line":39,"column":23},"end":{"line":39,"column":62}},{"start":{"line":40,"column":20},"end":{"line":40,"column":70}},{"start":{"line":41,"column":20},"end":{"line":41,"column":71}},{"start":{"line":42,"column":20},"end":{"line":42,"column":29}}]},"2":{"line":44,"type":"binary-expr","locations":[{"start":{"line":44,"column":23},"end":{"line":44,"column":37}},{"start":{"line":45,"column":20},"end":{"line":45,"column":61}},{"start":{"line":46,"column":20},"end":{"line":46,"column":70}},{"start":{"line":47,"column":20},"end":{"line":47,"column":26}}]},"3":{"line":51,"type":"cond-expr","locations":[{"start":{"line":52,"column":14},"end":{"line":52,"column":20}},{"start":{"line":53,"column":14},"end":{"line":53,"column":20}}]},"4":{"line":55,"type":"binary-expr","locations":[{"start":{"line":55,"column":16},"end":{"line":55,"column":44}},{"start":{"line":55,"column":49},"end":{"line":57,"column":43}}]},"5":{"line":55,"type":"cond-expr","locations":[{"start":{"line":56,"column":14},"end":{"line":56,"column":50}},{"start":{"line":57,"column":14},"end":{"line":57,"column":43}}]},"6":{"line":61,"type":"switch","locations":[{"start":{"line":68,"column":4},"end":{"line":150,"column":14},"skip":true},{"start":{"line":156,"column":4},"end":{"line":324,"column":14},"skip":true}]},"7":{"line":70,"type":"if","locations":[{"start":{"line":70,"column":12},"end":{"line":70,"column":12},"skip":true},{"start":{"line":70,"column":12},"end":{"line":70,"column":12},"skip":true}]},"8":{"line":70,"type":"binary-expr","locations":[{"start":{"line":70,"column":16},"end":{"line":70,"column":22},"skip":true},{"start":{"line":70,"column":27},"end":{"line":70,"column":32},"skip":true},{"start":{"line":71,"column":20},"end":{"line":71,"column":39},"skip":true},{"start":{"line":72,"column":20},"end":{"line":72,"column":49},"skip":true},{"start":{"line":73,"column":20},"end":{"line":73,"column":58},"skip":true},{"start":{"line":74,"column":20},"end":{"line":74,"column":69},"skip":true}]},"9":{"line":79,"type":"switch","locations":[{"start":{"line":80,"column":20},"end":{"line":80,"column":33},"skip":true},{"start":{"line":81,"column":20},"end":{"line":83,"column":30},"skip":true},{"start":{"line":84,"column":20},"end":{"line":85,"column":49},"skip":true}]},"10":{"line":89,"type":"switch","locations":[{"start":{"line":90,"column":12},"end":{"line":103,"column":22},"skip":true},{"start":{"line":105,"column":12},"end":{"line":106,"column":22},"skip":true}]},"11":{"line":89,"type":"binary-expr","locations":[{"start":{"line":89,"column":20},"end":{"line":89,"column":25},"skip":true},{"start":{"line":89,"column":29},"end":{"line":89,"column":48},"skip":true},{"start":{"line":89,"column":52},"end":{"line":89,"column":74},"skip":true}]},"12":{"line":92,"type":"if","locations":[{"start":{"line":92,"column":16},"end":{"line":92,"column":16},"skip":true},{"start":{"line":92,"column":16},"end":{"line":92,"column":16},"skip":true}]},"13":{"line":108,"type":"if","locations":[{"start":{"line":108,"column":12},"end":{"line":108,"column":12},"skip":true},{"start":{"line":108,"column":12},"end":{"line":108,"column":12},"skip":true}]},"14":{"line":108,"type":"binary-expr","locations":[{"start":{"line":108,"column":16},"end":{"line":108,"column":61},"skip":true},{"start":{"line":108,"column":66},"end":{"line":108,"column":72},"skip":true},{"start":{"line":108,"column":77},"end":{"line":108,"column":82},"skip":true},{"start":{"line":109,"column":20},"end":{"line":109,"column":39},"skip":true},{"start":{"line":110,"column":20},"end":{"line":110,"column":49},"skip":true},{"start":{"line":111,"column":20},"end":{"line":111,"column":58},"skip":true},{"start":{"line":112,"column":20},"end":{"line":112,"column":68},"skip":true}]},"15":{"line":129,"type":"if","locations":[{"start":{"line":129,"column":16},"end":{"line":129,"column":16},"skip":true},{"start":{"line":129,"column":16},"end":{"line":129,"column":16},"skip":true}]},"16":{"line":134,"type":"cond-expr","locations":[{"start":{"line":135,"column":26},"end":{"line":135,"column":29},"skip":true},{"start":{"line":136,"column":26},"end":{"line":136,"column":54},"skip":true}]},"17":{"line":164,"type":"binary-expr","locations":[{"start":{"line":164,"column":27},"end":{"line":164,"column":43},"skip":true},{"start":{"line":164,"column":47},"end":{"line":164,"column":49},"skip":true}]},"18":{"line":258,"type":"if","locations":[{"start":{"line":258,"column":8},"end":{"line":258,"column":8},"skip":true},{"start":{"line":258,"column":8},"end":{"line":258,"column":8},"skip":true}]},"19":{"line":275,"type":"switch","locations":[{"start":{"line":276,"column":20},"end":{"line":277,"column":64},"skip":true},{"start":{"line":278,"column":20},"end":{"line":279,"column":40},"skip":true},{"start":{"line":280,"column":20},"end":{"line":281,"column":40},"skip":true},{"start":{"line":282,"column":20},"end":{"line":283,"column":39},"skip":true}]},"20":{"line":288,"type":"if","locations":[{"start":{"line":288,"column":8},"end":{"line":288,"column":8},"skip":true},{"start":{"line":288,"column":8},"end":{"line":288,"column":8},"skip":true}]},"21":{"line":288,"type":"binary-expr","locations":[{"start":{"line":288,"column":12},"end":{"line":288,"column":40},"skip":true},{"start":{"line":288,"column":44},"end":{"line":288,"column":67},"skip":true}]},"22":{"line":292,"type":"binary-expr","locations":[{"start":{"line":292,"column":12},"end":{"line":292,"column":50},"skip":true},{"start":{"line":293,"column":12},"end":{"line":293,"column":53},"skip":true}]},"23":{"line":297,"type":"binary-expr","locations":[{"start":{"line":297,"column":12},"end":{"line":297,"column":64},"skip":true},{"start":{"line":298,"column":12},"end":{"line":301,"column":36},"skip":true}]},"24":{"line":303,"type":"binary-expr","locations":[{"start":{"line":303,"column":43},"end":{"line":303,"column":75},"skip":true},{"start":{"line":303,"column":79},"end":{"line":303,"column":81},"skip":true}]},"25":{"line":306,"type":"if","locations":[{"start":{"line":306,"column":8},"end":{"line":306,"column":8},"skip":true},{"start":{"line":306,"column":8},"end":{"line":306,"column":8},"skip":true}]},"26":{"line":310,"type":"if","locations":[{"start":{"line":310,"column":8},"end":{"line":310,"column":8},"skip":true},{"start":{"line":310,"column":8},"end":{"line":310,"column":8},"skip":true}]},"27":{"line":313,"type":"binary-expr","locations":[{"start":{"line":313,"column":27},"end":{"line":313,"column":43},"skip":true},{"start":{"line":313,"column":47},"end":{"line":313,"column":53},"skip":true}]},"28":{"line":317,"type":"if","locations":[{"start":{"line":317,"column":12},"end":{"line":317,"column":12},"skip":true},{"start":{"line":317,"column":12},"end":{"line":317,"column":12},"skip":true}]}},"code":["/*","example.js","","quickstart example","","instruction","    1. save this script as example.js","    2. run the shell command:","        $ npm install npmtest-rewire && PORT=8081 node example.js","    3. play with the browser-demo on http://127.0.0.1:8081","*/","","","","/* istanbul instrument in package npmtest_rewire */","/*jslint","    bitwise: true,","    browser: true,","    maxerr: 8,","    maxlen: 96,","    node: true,","    nomen: true,","    regexp: true,","    stupid: true","*/","(function () {","    'use strict';","    var local;","","","","    // run shared js-env code - pre-init","    (function () {","        // init local","        local = {};","        // init modeJs","        local.modeJs = (function () {","            try {","                return typeof navigator.userAgent === 'string' &&","                    typeof document.querySelector('body') === 'object' &&","                    typeof XMLHttpRequest.prototype.open === 'function' &&","                    'browser';","            } catch (errorCaughtBrowser) {","                return module.exports &&","                    typeof process.versions.node === 'string' &&","                    typeof require('http').createServer === 'function' &&","                    'node';","            }","        }());","        // init global","        local.global = local.modeJs === 'browser'","            ? window","            : global;","        // init utility2_rollup","        local = local.global.utility2_rollup || (local.modeJs === 'browser'","            ? local.global.utility2_npmtest_rewire","            : global.utility2_moduleExports);","        // export local","        local.global.local = local;","    }());","    switch (local.modeJs) {","","","","    // post-init","    // run browser js-env code - post-init","    /* istanbul ignore next */","    case 'browser':","        local.testRunBrowser = function (event) {","            if (!event || (event &&","                    event.currentTarget &&","                    event.currentTarget.className &&","                    event.currentTarget.className.includes &&","                    event.currentTarget.className.includes('onreset'))) {","                // reset output","                Array.from(","                    document.querySelectorAll('body > .resettable')","                ).forEach(function (element) {","                    switch (element.tagName) {","                    case 'INPUT':","                    case 'TEXTAREA':","                        element.value = '';","                        break;","                    default:","                        element.textContent = '';","                    }","                });","            }","            switch (event && event.currentTarget && event.currentTarget.id) {","            case 'testRunButton1':","                // show tests","                if (document.querySelector('#testReportDiv1').style.display === 'none') {","                    document.querySelector('#testReportDiv1').style.display = 'block';","                    document.querySelector('#testRunButton1').textContent =","                        'hide internal test';","                    local.modeTest = true;","                    local.testRunDefault(local);","                // hide tests","                } else {","                    document.querySelector('#testReportDiv1').style.display = 'none';","                    document.querySelector('#testRunButton1').textContent = 'run internal test';","                }","                break;","            // custom-case","            default:","                break;","            }","            if (document.querySelector('#inputTextareaEval1') && (!event || (event &&","                    event.currentTarget &&","                    event.currentTarget.className &&","                    event.currentTarget.className.includes &&","                    event.currentTarget.className.includes('oneval')))) {","                // try to eval input-code","                try {","                    /*jslint evil: true*/","                    eval(document.querySelector('#inputTextareaEval1').value);","                } catch (errorCaught) {","                    console.error(errorCaught);","                }","            }","        };","        // log stderr and stdout to #outputTextareaStdout1","        ['error', 'log'].forEach(function (key) {","            console[key + '_original'] = console[key];","            console[key] = function () {","                var element;","                console[key + '_original'].apply(console, arguments);","                element = document.querySelector('#outputTextareaStdout1');","                if (!element) {","                    return;","                }","                // append text to #outputTextareaStdout1","                element.value += Array.from(arguments).map(function (arg) {","                    return typeof arg === 'string'","                        ? arg","                        : JSON.stringify(arg, null, 4);","                }).join(' ') + '\\n';","                // scroll textarea to bottom","                element.scrollTop = element.scrollHeight;","            };","        });","        // init event-handling","        ['change', 'click', 'keyup'].forEach(function (event) {","            Array.from(document.querySelectorAll('.on' + event)).forEach(function (element) {","                element.addEventListener(event, local.testRunBrowser);","            });","        });","        // run tests","        local.testRunBrowser();","        break;","","","","    // run node js-env code - post-init","    /* istanbul ignore next */","    case 'node':","        // export local","        module.exports = local;","        // require modules","        local.fs = require('fs');","        local.http = require('http');","        local.url = require('url');","        // init assets","        local.assetsDict = local.assetsDict || {};","        /* jslint-ignore-begin */","        local.assetsDict['/assets.index.template.html'] = '\\","<!doctype html>\\n\\","<html lang=\"en\">\\n\\","<head>\\n\\","<meta charset=\"UTF-8\">\\n\\","<meta name=\"viewport\" content=\"width=device-width, initial-scale=1\">\\n\\","<title>{{env.npm_package_name}} (v{{env.npm_package_version}})</title>\\n\\","<style>\\n\\","/*csslint\\n\\","    box-sizing: false,\\n\\","    universal-selector: false\\n\\","*/\\n\\","* {\\n\\","    box-sizing: border-box;\\n\\","}\\n\\","body {\\n\\","    background: #dde;\\n\\","    font-family: Arial, Helvetica, sans-serif;\\n\\","    margin: 2rem;\\n\\","}\\n\\","body > * {\\n\\","    margin-bottom: 1rem;\\n\\","}\\n\\",".utility2FooterDiv {\\n\\","    margin-top: 20px;\\n\\","    text-align: center;\\n\\","}\\n\\","</style>\\n\\","<style>\\n\\","/*csslint\\n\\","*/\\n\\","textarea {\\n\\","    font-family: monospace;\\n\\","    height: 10rem;\\n\\","    width: 100%;\\n\\","}\\n\\","textarea[readonly] {\\n\\","    background: #ddd;\\n\\","}\\n\\","</style>\\n\\","</head>\\n\\","<body>\\n\\","<!-- utility2-comment\\n\\","<div id=\"ajaxProgressDiv1\" style=\"background: #d00; height: 2px; left: 0; margin: 0; padding: 0; position: fixed; top: 0; transition: background 0.5s, width 1.5s; width: 25%;\"></div>\\n\\","utility2-comment -->\\n\\","<h1>\\n\\","<!-- utility2-comment\\n\\","    <a\\n\\","        {{#if env.npm_package_homepage}}\\n\\","        href=\"{{env.npm_package_homepage}}\"\\n\\","        {{/if env.npm_package_homepage}}\\n\\","        target=\"_blank\"\\n\\","    >\\n\\","utility2-comment -->\\n\\","        {{env.npm_package_name}} (v{{env.npm_package_version}})\\n\\","<!-- utility2-comment\\n\\","    </a>\\n\\","utility2-comment -->\\n\\","</h1>\\n\\","<h3>{{env.npm_package_description}}</h3>\\n\\","<!-- utility2-comment\\n\\","<h4><a download href=\"assets.app.js\">download standalone app</a></h4>\\n\\","<button class=\"onclick onreset\" id=\"testRunButton1\">run internal test</button><br>\\n\\","<div id=\"testReportDiv1\" style=\"display: none;\"></div>\\n\\","utility2-comment -->\\n\\","\\n\\","\\n\\","\\n\\","<label>stderr and stdout</label>\\n\\","<textarea class=\"resettable\" id=\"outputTextareaStdout1\" readonly></textarea>\\n\\","<!-- utility2-comment\\n\\","{{#if isRollup}}\\n\\","<script src=\"assets.app.js\"></script>\\n\\","{{#unless isRollup}}\\n\\","utility2-comment -->\\n\\","<script src=\"assets.utility2.rollup.js\"></script>\\n\\","<script src=\"jsonp.utility2._stateInit?callback=window.utility2._stateInit\"></script>\\n\\","<script src=\"assets.npmtest_rewire.rollup.js\"></script>\\n\\","<script src=\"assets.example.js\"></script>\\n\\","<script src=\"assets.test.js\"></script>\\n\\","<!-- utility2-comment\\n\\","{{/if isRollup}}\\n\\","utility2-comment -->\\n\\","<div class=\"utility2FooterDiv\">\\n\\","    [ this app was created with\\n\\","    <a href=\"https://github.com/kaizhu256/node-utility2\" target=\"_blank\">utility2</a>\\n\\","    ]\\n\\","</div>\\n\\","</body>\\n\\","</html>\\n\\","';","        /* jslint-ignore-end */","        if (local.templateRender) {","            local.assetsDict['/'] = local.templateRender(","                local.assetsDict['/assets.index.template.html'],","                {","                    env: local.objectSetDefault(local.env, {","                        npm_package_description: 'the greatest app in the world!',","                        npm_package_name: 'my-app',","                        npm_package_nameAlias: 'my_app',","                        npm_package_version: '0.0.1'","                    })","                }","            );","        } else {","            local.assetsDict['/'] = local.assetsDict['/assets.index.template.html']","                .replace((/\\{\\{env\\.(\\w+?)\\}\\}/g), function (match0, match1) {","                    // jslint-hack","                    String(match0);","                    switch (match1) {","                    case 'npm_package_description':","                        return 'the greatest app in the world!';","                    case 'npm_package_name':","                        return 'my-app';","                    case 'npm_package_nameAlias':","                        return 'my_app';","                    case 'npm_package_version':","                        return '0.0.1';","                    }","                });","        }","        // run the cli","        if (local.global.utility2_rollup || module !== require.main) {","            break;","        }","        local.assetsDict['/assets.example.js'] =","            local.assetsDict['/assets.example.js'] ||","            local.fs.readFileSync(__filename, 'utf8');","        // bug-workaround - long $npm_package_buildCustomOrg","        /* jslint-ignore-begin */","        local.assetsDict['/assets.npmtest_rewire.rollup.js'] =","            local.assetsDict['/assets.npmtest_rewire.rollup.js'] ||","            local.fs.readFileSync(","                local.npmtest_rewire.__dirname + '/lib.npmtest_rewire.js',","                'utf8'","            ).replace((/^#!/), '//');","        /* jslint-ignore-end */","        local.assetsDict['/favicon.ico'] = local.assetsDict['/favicon.ico'] || '';","        // if $npm_config_timeout_exit exists,","        // then exit this process after $npm_config_timeout_exit ms","        if (Number(process.env.npm_config_timeout_exit)) {","            setTimeout(process.exit, Number(process.env.npm_config_timeout_exit));","        }","        // start server","        if (local.global.utility2_serverHttp1) {","            break;","        }","        process.env.PORT = process.env.PORT || '8081';","        console.error('server starting on port ' + process.env.PORT);","        local.http.createServer(function (request, response) {","            request.urlParsed = local.url.parse(request.url);","            if (local.assetsDict[request.urlParsed.pathname] !== undefined) {","                response.end(local.assetsDict[request.urlParsed.pathname]);","                return;","            }","            response.statusCode = 404;","            response.end();","        }).listen(process.env.PORT);","        break;","    }","}());",""],"l":{"26":2,"28":2,"33":2,"35":2,"37":2,"38":2,"39":2,"44":1,"51":2,"55":2,"59":2,"61":2,"69":1,"70":2,"76":2,"79":2,"82":2,"83":2,"85":1,"89":2,"92":1,"93":1,"94":1,"96":1,"97":1,"100":1,"101":1,"103":1,"106":1,"108":2,"114":1,"116":1,"118":1,"123":1,"124":2,"125":2,"126":3,"127":3,"128":3,"129":3,"130":1,"133":3,"134":3,"139":3,"143":1,"144":3,"145":1,"149":1,"150":1,"158":1,"160":1,"161":1,"162":1,"164":1,"166":1,"258":1,"259":1,"271":1,"274":6,"275":6,"277":1,"279":2,"281":1,"283":2,"288":1,"289":1,"291":1,"296":1,"303":1,"306":1,"307":1,"310":1,"311":1,"313":1,"314":1,"315":1,"316":1,"317":1,"318":1,"319":1,"321":1,"322":1,"324":1}},"/home/travis/build/npmtest/node-npmtest-rewire/node_modules/rewire/lib/index.js":{"path":"/home/travis/build/npmtest/node-npmtest-rewire/node_modules/rewire/lib/index.js","s":{"1":2,"2":1,"3":0,"4":2,"5":2},"b":{},"f":{"1":0},"fnMap":{"1":{"name":"rewire","line":10,"loc":{"start":{"line":10,"column":0},"end":{"line":10,"column":26}}}},"statementMap":{"1":{"start":{"line":1,"column":0},"end":{"line":1,"column":42}},"2":{"start":{"line":10,"column":0},"end":{"line":12,"column":1}},"3":{"start":{"line":11,"column":4},"end":{"line":11,"column":49}},"4":{"start":{"line":14,"column":0},"end":{"line":14,"column":24}},"5":{"start":{"line":16,"column":0},"end":{"line":16,"column":33}}},"branchMap":{},"code":["var rewireModule = require(\"./rewire.js\");","","/**"," * Adds a special setter and getter to the module located at filename. After the module has been rewired, you can"," * call myModule.__set__(name, value) and myModule.__get__(name) to manipulate private variables."," *"," * @param {!String} filename Path to the module that shall be rewired. Use it exactly like require()."," * @return {*} the rewired module"," */","function rewire(filename) {","    return rewireModule(module.parent, filename);","}","","module.exports = rewire;","","delete require.cache[__filename];   // deleting self from module cache so the parent module is always up to date"],"l":{"1":2,"10":1,"11":0,"14":2,"16":2}},"/home/travis/build/npmtest/node-npmtest-rewire/node_modules/rewire/lib/rewire.js":{"path":"/home/travis/build/npmtest/node-npmtest-rewire/node_modules/rewire/lib/rewire.js","s":{"1":1,"2":1,"3":0,"4":0,"5":0,"6":0,"7":0,"8":0,"9":0,"10":0,"11":0,"12":0,"13":0,"14":0,"15":0,"16":0,"17":0,"18":0,"19":0,"20":1},"b":{"1":[0,0],"2":[0,0],"3":[0,0]},"f":{"1":0},"fnMap":{"1":{"name":"internalRewire","line":11,"loc":{"start":{"line":11,"column":0},"end":{"line":11,"column":54}}}},"statementMap":{"1":{"start":{"line":1,"column":0},"end":{"line":6,"column":42}},"2":{"start":{"line":11,"column":0},"end":{"line":60,"column":1}},"3":{"start":{"line":12,"column":4},"end":{"line":15,"column":12}},"4":{"start":{"line":18,"column":4},"end":{"line":20,"column":5}},"5":{"start":{"line":19,"column":8},"end":{"line":19,"column":57}},"6":{"start":{"line":23,"column":4},"end":{"line":23,"column":71}},"7":{"start":{"line":29,"column":4},"end":{"line":31,"column":5},"skip":true},"8":{"start":{"line":30,"column":8},"end":{"line":30,"column":35},"skip":true},"9":{"start":{"line":34,"column":4},"end":{"line":34,"column":60}},"10":{"start":{"line":37,"column":4},"end":{"line":37,"column":36}},"11":{"start":{"line":41,"column":4},"end":{"line":41,"column":33}},"12":{"start":{"line":44,"column":4},"end":{"line":44,"column":45}},"13":{"start":{"line":47,"column":4},"end":{"line":47,"column":24}},"14":{"start":{"line":51,"column":4},"end":{"line":51,"column":46}},"15":{"start":{"line":52,"column":4},"end":{"line":54,"column":5}},"16":{"start":{"line":53,"column":8},"end":{"line":53,"column":46}},"17":{"start":{"line":56,"column":4},"end":{"line":56,"column":40}},"18":{"start":{"line":57,"column":4},"end":{"line":57,"column":33}},"19":{"start":{"line":59,"column":4},"end":{"line":59,"column":32}},"20":{"start":{"line":62,"column":0},"end":{"line":62,"column":32}}},"branchMap":{"1":{"line":18,"type":"if","locations":[{"start":{"line":18,"column":4},"end":{"line":18,"column":4}},{"start":{"line":18,"column":4},"end":{"line":18,"column":4}}]},"2":{"line":29,"type":"if","locations":[{"start":{"line":29,"column":4},"end":{"line":29,"column":4},"skip":true},{"start":{"line":29,"column":4},"end":{"line":29,"column":4},"skip":true}]},"3":{"line":52,"type":"if","locations":[{"start":{"line":52,"column":4},"end":{"line":52,"column":4}},{"start":{"line":52,"column":4},"end":{"line":52,"column":4}}]}},"code":["var Module = require(\"module\"),","    fs = require(\"fs\"),","    getImportGlobalsSrc = require(\"./getImportGlobalsSrc.js\"),","    getDefinePropertySrc = require(\"./getDefinePropertySrc.js\"),","    detectStrictMode = require(\"./detectStrictMode.js\"),","    moduleEnv = require(\"./moduleEnv.js\");","","/**"," * Does actual rewiring the module. For further documentation @see index.js"," */","function internalRewire(parentModulePath, targetPath) {","    var targetModule,","        prelude,","        appendix,","        src;","","    // Checking params","    if (typeof targetPath !== \"string\") {","        throw new TypeError(\"Filename must be a string\");","    }","","    // Resolve full filename relative to the parent module","    targetPath = Module._resolveFilename(targetPath, parentModulePath);","","    // Special support for older node versions that returned an array on Module._resolveFilename","    // @see https://github.com/joyent/node/blob/865b077819a9271a29f982faaef99dc635b57fbc/lib/module.js#L319","    // TODO Remove this switch on the next major release","    /* istanbul ignore next because it will be removed soon */","    if (Array.isArray(targetPath)) {","        targetPath = targetPath[1];","    }","","    // Create testModule as it would be created by require()","    targetModule = new Module(targetPath, parentModulePath);","","    // We prepend a list of all globals declared with var so they can be overridden (without changing original globals)","    prelude = getImportGlobalsSrc();","","    // Wrap module src inside IIFE so that function declarations do not clash with global variables","    // @see https://github.com/jhnns/rewire/issues/56","    prelude += \"(function () { \";","","    // We append our special setter and getter.","    appendix = \"\\n\" + getDefinePropertySrc();","","    // End of IIFE","    appendix += \"})();\";","","    // Check if the module uses the strict mode.","    // If so we must ensure that \"use strict\"; stays at the beginning of the module.","    src = fs.readFileSync(targetPath, \"utf8\");","    if (detectStrictMode(src) === true) {","        prelude = ' \"use strict\"; ' + prelude;","    }","","    moduleEnv.inject(prelude, appendix);","    moduleEnv.load(targetModule);","","    return targetModule.exports;","}","","module.exports = internalRewire;",""],"l":{"1":1,"11":1,"12":0,"18":0,"19":0,"23":0,"29":1,"30":1,"34":0,"37":0,"41":0,"44":0,"47":0,"51":0,"52":0,"53":0,"56":0,"57":0,"59":0,"62":1}},"/home/travis/build/npmtest/node-npmtest-rewire/node_modules/rewire/lib/getImportGlobalsSrc.js":{"path":"/home/travis/build/npmtest/node-npmtest-rewire/node_modules/rewire/lib/getImportGlobalsSrc.js","s":{"1":1,"2":0,"3":0,"4":0,"5":0,"6":0,"7":0,"8":0,"9":0,"10":0,"11":0,"12":0,"13":0,"14":1},"b":{"1":[0,0],"2":[0,0],"3":[0,0]},"f":{"1":0},"fnMap":{"1":{"name":"getImportGlobalsSrc","line":10,"loc":{"start":{"line":10,"column":0},"end":{"line":10,"column":37}}}},"statementMap":{"1":{"start":{"line":10,"column":0},"end":{"line":38,"column":1}},"2":{"start":{"line":11,"column":4},"end":{"line":14,"column":66}},"3":{"start":{"line":16,"column":4},"end":{"line":16,"column":26}},"4":{"start":{"line":18,"column":4},"end":{"line":18,"column":26}},"5":{"start":{"line":22,"column":4},"end":{"line":22,"column":48}},"6":{"start":{"line":24,"column":4},"end":{"line":35,"column":5}},"7":{"start":{"line":25,"column":8},"end":{"line":27,"column":9}},"8":{"start":{"line":26,"column":12},"end":{"line":26,"column":21}},"9":{"start":{"line":28,"column":8},"end":{"line":28,"column":31}},"10":{"start":{"line":31,"column":8},"end":{"line":34,"column":21}},"11":{"start":{"line":32,"column":10},"end":{"line":32,"column":35}},"12":{"start":{"line":33,"column":10},"end":{"line":33,"column":58}},"13":{"start":{"line":37,"column":4},"end":{"line":37,"column":15}},"14":{"start":{"line":40,"column":0},"end":{"line":40,"column":37}}},"branchMap":{"1":{"line":14,"type":"cond-expr","locations":[{"start":{"line":14,"column":51},"end":{"line":14,"column":57}},{"start":{"line":14,"column":59},"end":{"line":14,"column":65}}]},"2":{"line":16,"type":"binary-expr","locations":[{"start":{"line":16,"column":13},"end":{"line":16,"column":19}},{"start":{"line":16,"column":23},"end":{"line":16,"column":25}}]},"3":{"line":25,"type":"if","locations":[{"start":{"line":25,"column":8},"end":{"line":25,"column":8}},{"start":{"line":25,"column":8},"end":{"line":25,"column":8}}]}},"code":["/**"," * Declares all globals with a var and assigns the global object. Thus you're able to"," * override globals without changing the global object itself."," *"," * Returns something like"," * \"var console = global.console; var process = global.process; ...\""," *"," * @return {String}"," */","function getImportGlobalsSrc(ignore) {","    var key,","        value,","        src = \"\",","        globalObj = typeof global === \"undefined\"? window: global;","","    ignore = ignore || [];","    // global itself can't be overridden because it's the only reference to our real global objects","    ignore.push(\"global\");","    // ignore 'module', 'exports' and 'require' on the global scope, because otherwise our code would","    // shadow the module-internal variables","    // @see https://github.com/jhnns/rewire-webpack/pull/6","    ignore.push(\"module\", \"exports\", \"require\");","","    for (key in globalObj) { /* jshint forin: false */","        if (ignore.indexOf(key) !== -1) {","            continue;","        }","        value = globalObj[key];","","        // key may be an invalid variable name (e.g. 'a-b')","        try {","          eval(\"var \" + key + \";\");","          src += \"var \" + key + \" = global.\" + key + \"; \";","        } catch(e) {}","    }","","    return src;","}","","module.exports = getImportGlobalsSrc;",""],"l":{"10":1,"11":0,"16":0,"18":0,"22":0,"24":0,"25":0,"26":0,"28":0,"31":0,"32":0,"33":0,"37":0,"40":1}},"/home/travis/build/npmtest/node-npmtest-rewire/node_modules/rewire/lib/getDefinePropertySrc.js":{"path":"/home/travis/build/npmtest/node-npmtest-rewire/node_modules/rewire/lib/getDefinePropertySrc.js","s":{"1":1,"2":1,"3":1,"4":1,"5":1,"6":0,"7":0,"8":0,"9":0,"10":0,"11":1},"b":{},"f":{"1":0,"2":0},"fnMap":{"1":{"name":"getDefinePropertySrc","line":13,"loc":{"start":{"line":13,"column":0},"end":{"line":13,"column":32}}},"2":{"name":"forEachSrc","line":17,"loc":{"start":{"line":17,"column":36},"end":{"line":17,"column":73}}}},"statementMap":{"1":{"start":{"line":3,"column":0},"end":{"line":3,"column":38}},"2":{"start":{"line":4,"column":0},"end":{"line":4,"column":39}},"3":{"start":{"line":5,"column":0},"end":{"line":5,"column":40}},"4":{"start":{"line":7,"column":0},"end":{"line":11,"column":2}},"5":{"start":{"line":13,"column":0},"end":{"line":29,"column":1}},"6":{"start":{"line":14,"column":4},"end":{"line":15,"column":123}},"7":{"start":{"line":17,"column":4},"end":{"line":24,"column":11}},"8":{"start":{"line":18,"column":8},"end":{"line":23,"column":33}},"9":{"start":{"line":26,"column":4},"end":{"line":26,"column":17}},"10":{"start":{"line":28,"column":4},"end":{"line":28,"column":15}},"11":{"start":{"line":31,"column":0},"end":{"line":31,"column":38}}},"branchMap":{},"code":["\"use strict\";","","var __get__ = require(\"./__get__.js\");","var __set__ = require (\"./__set__.js\");","var __with__ = require(\"./__with__.js\");","","var srcs = {","    \"__get__\": __get__.toString(),","    \"__set__\": __set__.toString(),","    \"__with__\": __with__.toString()","};","","function getDefinePropertySrc() {","    var src = \"if (typeof(module.exports) === 'function' || \\n\" +","            \"(typeof(module.exports) === 'object' && module.exports !== null && Object.isExtensible(module.exports))) {\\n\";","","    src += Object.keys(srcs).reduce(function forEachSrc(preValue, value) {","        return preValue += \"Object.defineProperty(module.exports, '\" +","            value +","            \"', {enumerable: false, value: \" +","            srcs[value] +","            \", \"+","            \"writable: true}); \";","    }, \"\");","","    src += \"\\n}\";","","    return src;","}","","module.exports = getDefinePropertySrc;",""],"l":{"3":1,"4":1,"5":1,"7":1,"13":1,"14":0,"17":0,"18":0,"26":0,"28":0,"31":1}},"/home/travis/build/npmtest/node-npmtest-rewire/node_modules/rewire/lib/__get__.js":{"path":"/home/travis/build/npmtest/node-npmtest-rewire/node_modules/rewire/lib/__get__.js","s":{"1":1,"2":0,"3":0,"4":0,"5":0,"6":1},"b":{"1":[0,0],"2":[0,0]},"f":{"1":0},"fnMap":{"1":{"name":"__get__","line":12,"loc":{"start":{"line":12,"column":0},"end":{"line":12,"column":19}}}},"statementMap":{"1":{"start":{"line":12,"column":0},"end":{"line":19,"column":1}},"2":{"start":{"line":13,"column":4},"end":{"line":13,"column":37}},"3":{"start":{"line":14,"column":4},"end":{"line":18,"column":5}},"4":{"start":{"line":15,"column":8},"end":{"line":15,"column":39}},"5":{"start":{"line":17,"column":8},"end":{"line":17,"column":66}},"6":{"start":{"line":21,"column":0},"end":{"line":21,"column":25}}},"branchMap":{"1":{"line":14,"type":"if","locations":[{"start":{"line":14,"column":4},"end":{"line":14,"column":4}},{"start":{"line":14,"column":4},"end":{"line":14,"column":4}}]},"2":{"line":14,"type":"binary-expr","locations":[{"start":{"line":14,"column":8},"end":{"line":14,"column":25}},{"start":{"line":14,"column":29},"end":{"line":14,"column":66}}]}},"code":["/**"," * This function will be stringified and then injected into every rewired module."," * Then you can leak private variables by calling myModule.__get__(\"myPrivateVar\");"," *"," * All variables within this function are namespaced in the arguments array because every"," * var declaration could possibly clash with a variable in the module scope."," *"," * @param {!String} name name of the variable to retrieve"," * @throws {TypeError}"," * @return {*}"," */","function __get__() {","    arguments.varName = arguments[0];","    if (arguments.varName && typeof arguments.varName === \"string\") {","        return eval(arguments.varName);","    } else {","        throw new TypeError(\"__get__ expects a non-empty string\");","    }","}","","module.exports = __get__;"],"l":{"12":1,"13":0,"14":0,"15":0,"17":0,"21":1}},"/home/travis/build/npmtest/node-npmtest-rewire/node_modules/rewire/lib/__set__.js":{"path":"/home/travis/build/npmtest/node-npmtest-rewire/node_modules/rewire/lib/__set__.js","s":{"1":1,"2":0,"3":0,"4":0,"5":0,"6":0,"7":0,"8":0,"9":0,"10":0,"11":0,"12":0,"13":0,"14":0,"15":0,"16":0,"17":0,"18":0,"19":0,"20":0,"21":0,"22":0,"23":0,"24":0,"25":0,"26":0,"27":0,"28":0,"29":0,"30":0,"31":1},"b":{"1":[0,0],"2":[0,0],"3":[0,0],"4":[0,0],"5":[0,0],"6":[0,0],"7":[0,0]},"f":{"1":0,"2":0},"fnMap":{"1":{"name":"__set__","line":12,"loc":{"start":{"line":12,"column":0},"end":{"line":12,"column":19}}},"2":{"name":"(anonymous_2)","line":69,"loc":{"start":{"line":69,"column":11},"end":{"line":69,"column":33}}}},"statementMap":{"1":{"start":{"line":12,"column":0},"end":{"line":72,"column":1}},"2":{"start":{"line":13,"column":4},"end":{"line":13,"column":37}},"3":{"start":{"line":14,"column":4},"end":{"line":14,"column":38}},"4":{"start":{"line":18,"column":4},"end":{"line":25,"column":6}},"5":{"start":{"line":26,"column":4},"end":{"line":26,"column":23}},"6":{"start":{"line":27,"column":4},"end":{"line":27,"column":30}},"7":{"start":{"line":29,"column":4},"end":{"line":62,"column":5}},"8":{"start":{"line":30,"column":8},"end":{"line":30,"column":42}},"9":{"start":{"line":31,"column":8},"end":{"line":33,"column":9}},"10":{"start":{"line":32,"column":12},"end":{"line":32,"column":83}},"11":{"start":{"line":34,"column":8},"end":{"line":34,"column":37}},"12":{"start":{"line":35,"column":8},"end":{"line":47,"column":9}},"13":{"start":{"line":36,"column":12},"end":{"line":46,"column":13}},"14":{"start":{"line":37,"column":16},"end":{"line":37,"column":70}},"15":{"start":{"line":38,"column":16},"end":{"line":38,"column":127}},"16":{"start":{"line":39,"column":16},"end":{"line":45,"column":17}},"17":{"start":{"line":42,"column":20},"end":{"line":42,"column":89}},"18":{"start":{"line":44,"column":20},"end":{"line":44,"column":75}},"19":{"start":{"line":48,"column":11},"end":{"line":62,"column":5}},"20":{"start":{"line":49,"column":8},"end":{"line":51,"column":9}},"21":{"start":{"line":50,"column":12},"end":{"line":50,"column":104}},"22":{"start":{"line":52,"column":8},"end":{"line":52,"column":69}},"23":{"start":{"line":53,"column":8},"end":{"line":59,"column":9}},"24":{"start":{"line":56,"column":12},"end":{"line":56,"column":80}},"25":{"start":{"line":58,"column":12},"end":{"line":58,"column":66}},"26":{"start":{"line":61,"column":8},"end":{"line":61,"column":125}},"27":{"start":{"line":65,"column":4},"end":{"line":65,"column":45}},"28":{"start":{"line":67,"column":4},"end":{"line":67,"column":24}},"29":{"start":{"line":69,"column":4},"end":{"line":71,"column":39}},"30":{"start":{"line":70,"column":8},"end":{"line":70,"column":40}},"31":{"start":{"line":74,"column":0},"end":{"line":74,"column":25}}},"branchMap":{"1":{"line":18,"type":"binary-expr","locations":[{"start":{"line":18,"column":21},"end":{"line":18,"column":33}},{"start":{"line":18,"column":37},"end":{"line":25,"column":5}}]},"2":{"line":29,"type":"if","locations":[{"start":{"line":29,"column":4},"end":{"line":29,"column":4}},{"start":{"line":29,"column":4},"end":{"line":29,"column":4}}]},"3":{"line":31,"type":"if","locations":[{"start":{"line":31,"column":8},"end":{"line":31,"column":8}},{"start":{"line":31,"column":8},"end":{"line":31,"column":8}}]},"4":{"line":31,"type":"binary-expr","locations":[{"start":{"line":31,"column":12},"end":{"line":31,"column":26}},{"start":{"line":31,"column":30},"end":{"line":31,"column":67}}]},"5":{"line":36,"type":"if","locations":[{"start":{"line":36,"column":12},"end":{"line":36,"column":12}},{"start":{"line":36,"column":12},"end":{"line":36,"column":12}}]},"6":{"line":48,"type":"if","locations":[{"start":{"line":48,"column":11},"end":{"line":48,"column":11}},{"start":{"line":48,"column":11},"end":{"line":48,"column":11}}]},"7":{"line":49,"type":"if","locations":[{"start":{"line":49,"column":8},"end":{"line":49,"column":8}},{"start":{"line":49,"column":8},"end":{"line":49,"column":8}}]}},"code":["/**"," * This function will be stringified and then injected into every rewired module."," * Then you can set private variables by calling myModule.__set__(\"myPrivateVar\", newValue);"," *"," * All variables within this function are namespaced in the arguments array because every"," * var declaration could possibly clash with a variable in the module scope."," *"," * @param {String|Object} varName name of the variable to set"," * @param {String} varValue new value"," * @return {Function}"," */","function __set__() {","    arguments.varName = arguments[0];","    arguments.varValue = arguments[1];","    // Saving references to global objects and functions. Thus a test may even change these variables","    // without interfering with rewire().","    // @see https://github.com/jhnns/rewire/issues/40","    arguments.refs = arguments[2] || {","        isArray: Array.isArray,","        TypeError: TypeError,","        stringify: JSON.stringify","        // We can't save eval() because eval() is a *special* global function","        // That's why it can't be re-assigned in strict mode","        //eval: eval","    };","    arguments.src = \"\";","    arguments.revertArgs = [];","","    if (typeof arguments[0] === \"object\") {","        arguments.env = arguments.varName;","        if (!arguments.env || arguments.refs.isArray(arguments.env)) {","            throw new arguments.refs.TypeError(\"__set__ expects an object as env\");","        }","        arguments.revertArgs[0] = {};","        for (arguments.varName in arguments.env) {","            if (arguments.env.hasOwnProperty(arguments.varName)) {","                arguments.varValue = arguments.env[arguments.varName];","                arguments.src += arguments.varName + \" = arguments.env[\" + arguments.refs.stringify(arguments.varName) + \"]; \";","                try {","                    // Allow tests to mock implicit globals","                    // @see https://github.com/jhnns/rewire/issues/35","                    arguments.revertArgs[0][arguments.varName] = eval(arguments.varName);","                } catch (err) {","                    arguments.revertArgs[0][arguments.varName] = undefined;","                }","            }","        }","    } else if (typeof arguments.varName === \"string\") {","        if (!arguments.varName) {","            throw new arguments.refs.TypeError(\"__set__ expects a non-empty string as a variable name\");","        }","        arguments.src = arguments.varName + \" = arguments.varValue;\";","        try {","            // Allow tests to mock implicit globals","            // @see https://github.com/jhnns/rewire/issues/35","            arguments.revertArgs = [arguments.varName, eval(arguments.varName)];","        } catch (err) {","            arguments.revertArgs = [arguments.varName, undefined];","        }","    } else {","        throw new arguments.refs.TypeError(\"__set__ expects an environment object or a non-empty string as a variable name\");","    }","","    // Passing our saved references on to the revert function","    arguments.revertArgs[2] = arguments.refs;","","    eval(arguments.src);","","    return function (revertArgs) {","        __set__.apply(null, revertArgs);","    }.bind(null, arguments.revertArgs);","}","","module.exports = __set__;",""],"l":{"12":1,"13":0,"14":0,"18":0,"26":0,"27":0,"29":0,"30":0,"31":0,"32":0,"34":0,"35":0,"36":0,"37":0,"38":0,"39":0,"42":0,"44":0,"48":0,"49":0,"50":0,"52":0,"53":0,"56":0,"58":0,"61":0,"65":0,"67":0,"69":0,"70":0,"74":1}},"/home/travis/build/npmtest/node-npmtest-rewire/node_modules/rewire/lib/__with__.js":{"path":"/home/travis/build/npmtest/node-npmtest-rewire/node_modules/rewire/lib/__with__.js","s":{"1":1,"2":0,"3":0,"4":0,"5":0,"6":0,"7":0,"8":0,"9":0,"10":0,"11":0,"12":0,"13":0,"14":0,"15":0,"16":1},"b":{"1":[0,0],"2":[0,0],"3":[0,0],"4":[0,0]},"f":{"1":0,"2":0},"fnMap":{"1":{"name":"__with__","line":14,"loc":{"start":{"line":14,"column":0},"end":{"line":14,"column":20}}},"2":{"name":"(anonymous_2)","line":17,"loc":{"start":{"line":17,"column":11},"end":{"line":17,"column":31}}}},"statementMap":{"1":{"start":{"line":14,"column":0},"end":{"line":41,"column":1}},"2":{"start":{"line":15,"column":4},"end":{"line":15,"column":25}},"3":{"start":{"line":17,"column":4},"end":{"line":40,"column":6}},"4":{"start":{"line":18,"column":8},"end":{"line":20,"column":22}},"5":{"start":{"line":22,"column":8},"end":{"line":24,"column":9}},"6":{"start":{"line":23,"column":12},"end":{"line":23,"column":72}},"7":{"start":{"line":26,"column":8},"end":{"line":26,"column":56}},"8":{"start":{"line":28,"column":8},"end":{"line":39,"column":9}},"9":{"start":{"line":29,"column":12},"end":{"line":29,"column":34}},"10":{"start":{"line":30,"column":12},"end":{"line":30,"column":72}},"11":{"start":{"line":31,"column":12},"end":{"line":34,"column":13}},"12":{"start":{"line":32,"column":16},"end":{"line":32,"column":42}},"13":{"start":{"line":33,"column":16},"end":{"line":33,"column":32}},"14":{"start":{"line":36,"column":12},"end":{"line":38,"column":13}},"15":{"start":{"line":37,"column":16},"end":{"line":37,"column":23}},"16":{"start":{"line":43,"column":0},"end":{"line":43,"column":26}}},"branchMap":{"1":{"line":22,"type":"if","locations":[{"start":{"line":22,"column":8},"end":{"line":22,"column":8}},{"start":{"line":22,"column":8},"end":{"line":22,"column":8}}]},"2":{"line":30,"type":"binary-expr","locations":[{"start":{"line":30,"column":24},"end":{"line":30,"column":32}},{"start":{"line":30,"column":36},"end":{"line":30,"column":71}}]},"3":{"line":31,"type":"if","locations":[{"start":{"line":31,"column":12},"end":{"line":31,"column":12}},{"start":{"line":31,"column":12},"end":{"line":31,"column":12}}]},"4":{"line":36,"type":"if","locations":[{"start":{"line":36,"column":12},"end":{"line":36,"column":12}},{"start":{"line":36,"column":12},"end":{"line":36,"column":12}}]}},"code":["\"use strict\";","","/**"," * This function will be stringified and then injected into every rewired module."," *"," * Calling myModule.__with__(\"myPrivateVar\", newValue) returns a function where"," * you can place your tests. As long as the returned function is executed variables"," * will be set to the given value, after that all changed variables are reset back to normal."," *"," * @param {String|Object} varName name of the variable to set"," * @param {String} varValue new value"," * @return {Function}"," */","function __with__() {","    var args = arguments;","","    return function (callback) {","        var undo,","            returned,","            isPromise;","","        if (typeof callback !== \"function\") {","            throw new TypeError(\"__with__ expects a callback function\");","        }","","        undo = module.exports.__set__.apply(null, args);","","        try {","            returned = callback();","            isPromise = returned && typeof returned.then === \"function\";","            if (isPromise) {","                returned.then(undo, undo);","                return returned;","            }","        } finally {","            if (!isPromise) {","                undo();","            }","        }","    };","}","","module.exports = __with__;"],"l":{"14":1,"15":0,"17":0,"18":0,"22":0,"23":0,"26":0,"28":0,"29":0,"30":0,"31":0,"32":0,"33":0,"36":0,"37":0,"43":1}},"/home/travis/build/npmtest/node-npmtest-rewire/node_modules/rewire/lib/detectStrictMode.js":{"path":"/home/travis/build/npmtest/node-npmtest-rewire/node_modules/rewire/lib/detectStrictMode.js","s":{"1":1,"2":1,"3":1,"4":1,"5":0,"6":0,"7":0,"8":0,"9":0,"10":0,"11":0,"12":0,"13":1},"b":{"1":[0,0],"2":[0,0],"3":[0,0]},"f":{"1":0},"fnMap":{"1":{"name":"detectStrictMode","line":12,"loc":{"start":{"line":12,"column":0},"end":{"line":12,"column":31}}}},"statementMap":{"1":{"start":{"line":1,"column":0},"end":{"line":1,"column":41}},"2":{"start":{"line":2,"column":0},"end":{"line":2,"column":44}},"3":{"start":{"line":3,"column":0},"end":{"line":3,"column":71}},"4":{"start":{"line":12,"column":0},"end":{"line":26,"column":1}},"5":{"start":{"line":13,"column":4},"end":{"line":13,"column":19}},"6":{"start":{"line":14,"column":4},"end":{"line":14,"column":18}},"7":{"start":{"line":16,"column":4},"end":{"line":23,"column":5}},"8":{"start":{"line":17,"column":8},"end":{"line":19,"column":9}},"9":{"start":{"line":18,"column":12},"end":{"line":18,"column":53}},"10":{"start":{"line":20,"column":8},"end":{"line":22,"column":9}},"11":{"start":{"line":21,"column":12},"end":{"line":21,"column":52}},"12":{"start":{"line":25,"column":4},"end":{"line":25,"column":32}},"13":{"start":{"line":28,"column":0},"end":{"line":28,"column":34}}},"branchMap":{"1":{"line":16,"type":"binary-expr","locations":[{"start":{"line":16,"column":12},"end":{"line":16,"column":52}},{"start":{"line":16,"column":58},"end":{"line":16,"column":96}}]},"2":{"line":17,"type":"if","locations":[{"start":{"line":17,"column":8},"end":{"line":17,"column":8}},{"start":{"line":17,"column":8},"end":{"line":17,"column":8}}]},"3":{"line":20,"type":"if","locations":[{"start":{"line":20,"column":8},"end":{"line":20,"column":8}},{"start":{"line":20,"column":8},"end":{"line":20,"column":8}}]}},"code":["var multiLineComment = /^\\s*\\/\\*.*?\\*\\//;","var singleLineComment = /^\\s*\\/\\/.*?[\\r\\n]/;","var strictMode = /^\\s*(?:\"use strict\"|'use strict')[ \\t]*(?:[\\r\\n]|;)/;","","/**"," * Returns true if the source code is intended to run in strict mode. Does not detect"," * \"use strict\" if it occurs in a nested function."," *"," * @param {String} src"," * @return {Boolean}"," */","function detectStrictMode(src) {","    var singleLine;","    var multiLine;","","    while ((singleLine = singleLineComment.test(src)) || (multiLine = multiLineComment.test(src))) {","        if (singleLine) {","            src = src.replace(singleLineComment, \"\");","        }","        if (multiLine) {","            src = src.replace(multiLineComment, \"\");","        }","    }","","    return strictMode.test(src);","}","","module.exports = detectStrictMode;",""],"l":{"1":1,"2":1,"3":1,"12":1,"13":0,"14":0,"16":0,"17":0,"18":0,"20":0,"21":0,"25":0,"28":1}},"/home/travis/build/npmtest/node-npmtest-rewire/node_modules/rewire/lib/moduleEnv.js":{"path":"/home/travis/build/npmtest/node-npmtest-rewire/node_modules/rewire/lib/moduleEnv.js","s":{"1":1,"2":1,"3":1,"4":0,"5":0,"6":0,"7":0,"8":0,"9":0,"10":1,"11":0,"12":0,"13":0,"14":1,"15":0,"16":0,"17":1,"18":0,"19":0,"20":0,"21":1,"22":0,"23":0,"24":0,"25":0,"26":1,"27":0,"28":0,"29":1,"30":0,"31":0,"32":0,"33":1,"34":0,"35":0,"36":0,"37":1,"38":1,"39":1,"40":1},"b":{"1":[0,0],"2":[0,0],"3":[0,0]},"f":{"1":0,"2":0,"3":0,"4":0,"5":0,"6":0,"7":0,"8":0},"fnMap":{"1":{"name":"load","line":14,"loc":{"start":{"line":14,"column":0},"end":{"line":14,"column":28}}},"2":{"name":"reset","line":26,"loc":{"start":{"line":26,"column":0},"end":{"line":26,"column":17}}},"3":{"name":"inject","line":32,"loc":{"start":{"line":32,"column":0},"end":{"line":32,"column":35}}},"4":{"name":"requireProxy","line":43,"loc":{"start":{"line":43,"column":0},"end":{"line":43,"column":28}}},"5":{"name":"registerExtensions","line":49,"loc":{"start":{"line":49,"column":0},"end":{"line":49,"column":30}}},"6":{"name":"restoreExtensions","line":58,"loc":{"start":{"line":58,"column":0},"end":{"line":58,"column":29}}},"7":{"name":"coffeeExtension","line":64,"loc":{"start":{"line":64,"column":0},"end":{"line":64,"column":43}}},"8":{"name":"stripBOM","line":77,"loc":{"start":{"line":77,"column":0},"end":{"line":77,"column":27}}}},"statementMap":{"1":{"start":{"line":3,"column":0},"end":{"line":5,"column":11}},"2":{"start":{"line":8,"column":0},"end":{"line":12,"column":18}},"3":{"start":{"line":14,"column":0},"end":{"line":24,"column":1}},"4":{"start":{"line":15,"column":4},"end":{"line":15,"column":39}},"5":{"start":{"line":16,"column":4},"end":{"li
[...]
e":"if","locations":[{"start":{"line":197,"column":8},"end":{"line":197,"column":8}},{"start":{"line":197,"column":8},"end":{"line":197,"column":8}}]},"4":{"line":210,"type":"if","locations":[{"start":{"line":210,"column":12},"end":{"line":210,"column":12}},{"start":{"line":210,"column":12},"end":{"line":210,"column":12}}]},"5":{"line":210,"type":"binary-expr","locations":[{"start":{"line":210,"column":16},"end":{"line":210,"column":48}},{"start":{"line":210,"column":52},"end":{"line":210,"column":108}}]},"6":{"line":261,"type":"if","locations":[{"start":{"line":261,"column":8},"end":{"line":261,"column":8}},{"start":{"line":261,"column":8},"end":{"line":261,"column":8}}]},"7":{"line":267,"type":"if","locations":[{"start":{"line":267,"column":12},"end":{"line":267,"column":12}},{"start":{"line":267,"column":12},"end":{"line":267,"column":12}}]},"8":{"line":293,"type":"if","locations":[{"start":{"line":293,"column":8},"end":{"line":293,"column":8}},{"start":{"line":293,"column":8},"end":{"line":293,"column":8}}]},"9":{"line":357,"type":"if","locations":[{"start":{"line":357,"column":8},"end":{"line":357,"column":8}},{"start":{"line":357,"column":8},"end":{"line":357,"column":8}}]}},"code":["// Don't run code in ES5 strict mode.","// In case this module was in strict mode, all other modules called by this would also be strict.","// But when testing if the strict mode is preserved, we must ensure that this module is NOT strict.","","// These shared test cases are used to check if the provided implementation of rewire is compatible","// with the original rewire. Since you can use rewire with client-side bundlers like webpack we need","// to test the implementation there again.","// @see https://github.com/jhnns/rewire-webpack","","var expect = require(\"expect.js\"),","    rewire = require(\"rewire\"),","    __set__Src = require(\"../lib/__set__.js\").toString(),","    __get__Src = require(\"../lib/__get__.js\").toString(),","    __with__Src = require(\"../lib/__with__.js\").toString();","","function checkForTypeError(err) {","    expect(err.constructor).to.be(TypeError);","}","","describe(\"rewire \" + (typeof testEnv === \"undefined\"? \"(node)\": \"(\" + testEnv + \")\"), function () {","","    it(\"should work like require()\", function () {","        rewire(\"./moduleA.js\").getFilename();","        require(\"./moduleA.js\").getFilename();","        expect(rewire(\"./moduleA.js\").getFilename()).to.eql(require(\"./moduleA.js\").getFilename());","        expect(rewire(\"../testLib/someOtherModule.js\").filename).to.eql(require(\"../testLib/someOtherModule.js\").filename);","    });","","    it(\"should return a fresh instance of the module\", function () {","        var someOtherModule = require(\"./someOtherModule.js\"),","            rewiredSomeOtherModule;","","        someOtherModule.fs = \"This has been modified\";","        rewiredSomeOtherModule = rewire(\"./someOtherModule.js\");","        expect(rewiredSomeOtherModule.fs).not.to.be(\"This has been modified\");","    });","","    it(\"should not cache the rewired module\", function () {","        var rewired,","            someOtherModule = require(\"./someOtherModule.js\");","","        someOtherModule.fs = \"This has been changed\";","","        rewired = rewire(\"./someOtherModule.js\");","        expect(someOtherModule).not.to.be(rewired);","        expect(require(\"./moduleA.js\").someOtherModule).not.to.be(rewired);","        expect(require(\"./moduleA.js\").someOtherModule).to.be(someOtherModule);","        expect(require(\"./moduleA.js\").someOtherModule.fs).to.be(\"This has been changed\");","    });","","    // By comparing the src we can ensure that the provided __set__ function is our tested implementation","    it(\"should modify the module so it provides the __set__ - function\", function () {","        expect(rewire(\"./moduleA.js\").__set__.toString()).to.be(__set__Src);","        expect(rewire(\"./moduleB.js\").__set__.toString()).to.be(__set__Src);","    });","","    // By comparing the src we can ensure that the provided __set__ function is our tested implementation","    it(\"should modify the module so it provides the __get__ - function\", function () {","        expect(rewire(\"./moduleA.js\").__get__.toString()).to.be(__get__Src);","        expect(rewire(\"./moduleB.js\").__get__.toString()).to.be(__get__Src);","    });","","    // By comparing the src we can ensure that the provided __set__ function is our tested implementation","    it(\"should modify the module so it provides the __with__ - function\", function () {","        expect(rewire(\"./moduleA.js\").__with__.toString()).to.be(__with__Src);","        expect(rewire(\"./moduleB.js\").__with__.toString()).to.be(__with__Src);","    });","","","    [\"__get__\", \"__set__\", \"__with__\"].forEach(function(funcName) {","        it(\"should provide \" + funcName + \" as a non-enumerable property\", function () {","            expect(Object.keys(rewire(\"./moduleA.js\")).indexOf(funcName)).to.be(-1);","        });","","        it(\"should provide \" + funcName + \" as a writable property\", function () {","            var obj = rewire(\"./moduleA.js\");","            var desc = Object.getOwnPropertyDescriptor(obj, funcName);","            expect(desc.writable).to.be(true);","        });","    });","","    it(\"should not influence other modules\", function () {","        rewire(\"./moduleA.js\");","","        expect(require(\"./someOtherModule.js\").__set__).to.be(undefined);","        expect(require(\"./someOtherModule.js\").__get__).to.be(undefined);","        expect(require(\"./someOtherModule.js\").__with__).to.be(undefined);","    });","","    it(\"should not override/influence global objects by default\", function () {","        // This should throw no exception","        rewire(\"./moduleA.js\").checkSomeGlobals();","        rewire(\"./moduleB.js\").checkSomeGlobals();","    });","","    // This is just an integration test for the __set__ method","    // You can find a full test for __set__ under /test/__set__.test.js","    it(\"should provide a working __set__ method\", function () {","        var rewiredModuleA = rewire(\"./moduleA.js\"),","            newObj = {};","","        expect(rewiredModuleA.getMyNumber()).to.be(0);","        rewiredModuleA.__set__(\"myNumber\", 2);","        expect(rewiredModuleA.getMyNumber()).to.be(2);","        rewiredModuleA.__set__(\"myObj\", newObj);","        expect(rewiredModuleA.getMyObj()).to.be(newObj);","        rewiredModuleA.__set__(\"env\", \"ENVENV\");","    });","","    // This is just an integration test for the __get__ method","    // You can find a full test for __get__ under /test/__get__.test.js","    it(\"should provide a working __get__ method\", function () {","        var rewiredModuleA = rewire(\"./moduleA.js\");","","        expect(rewiredModuleA.__get__(\"myNumber\")).to.be(rewiredModuleA.getMyNumber());","        expect(rewiredModuleA.__get__(\"myObj\")).to.be(rewiredModuleA.getMyObj());","    });","","    // This is just an integration test for the __with__ method","    // You can find a full test for __with__ under /test/__with__.test.js","    it(\"should provide a working __with__ method\", function () {","        var rewiredModuleA = rewire(\"./moduleA.js\"),","            newObj = {};","","        expect(rewiredModuleA.getMyNumber()).to.be(0);","        expect(rewiredModuleA.getMyObj()).to.not.be(newObj);","","        rewiredModuleA.__with__({","            myNumber: 2,","            myObj: newObj","        })(function () {","            expect(rewiredModuleA.getMyNumber()).to.be(2);","            expect(rewiredModuleA.getMyObj()).to.be(newObj);","        });","","        expect(rewiredModuleA.getMyNumber()).to.be(0);","        expect(rewiredModuleA.getMyObj()).to.not.be(newObj);","    });","","    it(\"should provide the ability to inject mocks\", function (done) {","        var rewiredModuleA = rewire(\"./moduleA.js\"),","            mockedFs = {","                readFileSync: function (file) {","                    expect(file).to.be(\"bla.txt\");","                    done();","                }","            };","","        rewiredModuleA.__set__(\"fs\", mockedFs);","        rewiredModuleA.readFileSync();","    });","","    it(\"should not influence other modules when injecting mocks\", function () {","        var rewiredModuleA = rewire(\"./moduleA.js\"),","            someOtherModule,","            mockedFs = {};","","        rewiredModuleA.__set__(\"fs\", mockedFs);","        someOtherModule = require(\"./someOtherModule.js\");","        expect(someOtherModule.fs).not.to.be(mockedFs);","    });","","    it(\"should provide the ability to mock global objects just within the module\", function () {","        var rewiredModuleA = rewire(\"./moduleA.js\"),","            rewiredModuleB = rewire(\"./moduleB.js\"),","            consoleMock = {},","            bufferMock = {},","            documentMock = {},","            newFilename = \"myFile.js\";","","        rewiredModuleA.__set__({","            console: consoleMock,","            __filename: newFilename","        });","        expect(rewiredModuleA.getConsole()).to.be(consoleMock);","        expect(rewiredModuleB.getConsole()).not.to.be(consoleMock);","        expect(console).not.to.be(consoleMock);","        expect(rewiredModuleA.getFilename()).to.be(newFilename);","        expect(rewiredModuleB.getFilename()).not.to.be(newFilename);","        expect(console).not.to.be(newFilename);","        if (typeof window === \"undefined\") {","            rewiredModuleA.__set__(\"Buffer\", bufferMock);","            expect(rewiredModuleA.getBuffer()).to.be(bufferMock);","            expect(rewiredModuleB.getBuffer()).not.to.be(bufferMock);","            expect(Buffer).not.to.be(bufferMock);","        } else {","            rewiredModuleA.__set__(\"document\", documentMock);","            expect(rewiredModuleA.getDocument()).to.be(documentMock);","            expect(rewiredModuleB.getDocument() === documentMock).to.be(false);","            expect(document === documentMock).to.be(false);","        }","    });","","    it(\"should be possible to mock global objects that are added on runtime\", function () {","        var rewiredModule;","","        if (typeof window === \"undefined\") {","            global.someGlobalVar = \"test\";","            rewiredModule = rewire(\"./moduleA.js\");","            rewiredModule.__set__(\"someGlobalVar\", \"other value\");","            expect(global.someGlobalVar).to.be(\"test\");","            expect(rewiredModule.__get__(\"someGlobalVar\")).to.be(\"other value\");","            delete global.someGlobalVar;","        } else {","            window.someGlobalVar = \"test\";","            rewiredModule = rewire(\"./moduleA.js\");","            rewiredModule.__set__(\"someGlobalVar\", \"other value\");","            expect(window.someGlobalVar).to.be(\"test\");","            expect(rewiredModule.__get__(\"someGlobalVar\")).to.be(\"other value\");","            if (typeof navigator !== \"undefined\" && /MSIE [6-8]\\.[0-9]/g.test(navigator.userAgent) === false) {","                delete window.someGlobalVar;","            }","        }","    });","","    it(\"should not be a problem to have a comment on file end\", function () {","        var rewired = rewire(\"./emptyModule.js\");","","        rewired.__set__(\"someVar\", \"hello\");","        expect(rewired.__get__(\"someVar\")).to.be(\"hello\");","    });","","    it(\"should not be a problem to have a module that exports a boolean\", function() {","        expect(function() {","            var rewired = rewire(\"./boolean.js\");","        }).to.not.throwException();","    });","","    it(\"should not be a problem to have a module that exports null\", function() {","        expect(function() {","            var rewired = rewire(\"./null.js\");","        }).to.not.throwException();","    });","","    it(\"should not be a problem to have a module that exports a sealed object\", function() {","        expect(function() {","            var rewired = rewire(\"./sealedObject.js\");","        }).to.not.throwException();","    });","","    it(\"should not influence the original require if nothing has been required within the rewired module\", function () {","        rewire(\"./emptyModule.js\"); // nothing happens here because emptyModule doesn't require anything","        expect(require(\"./moduleA.js\").__set__).to.be(undefined); // if restoring the original node require didn't worked, the module would have a setter","    });","","    it(\"subsequent calls of rewire should always return a new instance\", function () {","        expect(rewire(\"./moduleA.js\")).not.to.be(rewire(\"./moduleA.js\"));","    });","","    it(\"should preserve the strict mode\", function () {","        var strictModule = rewire(\"./strictModule.js\");","","        expect(function () {","            strictModule.doSomethingUnstrict();","        }).to.throwException(checkForTypeError);","    });","","    it(\"should not modify line numbers in stack traces\", function () {","        var throwError = rewire(\"./throwError.js\");","","        if (process.env.running_under_istanbul === \"1\") {","            return;","        }","        try {","            throwError();","        } catch (err) {","            if (err.stack) {","                expect(err.stack.split(\"\\n\")[1]).to.match(/:2:11/);","            }","        }","    });","","    it(\"should be possible to set implicit globals\", function () {","        var implicitGlobalModule,","            err;","","        try {","            implicitGlobalModule = rewire(\"./implicitGlobal.js\");","","            implicitGlobalModule.__set__(\"implicitGlobal\", true);","            expect(implicitGlobalModule.__get__(\"implicitGlobal\")).to.be(true);","            // setting implicit global vars will change them globally instead of locally.","            // that's a shortcoming of the current implementation which can't be solved easily.","            //expect(implicitGlobal).to.be.a(\"string\");","        } catch (e) {","            err = e;","        } finally {","            // Cleaning up...","            delete global.implicitGlobal;","            delete global.undefinedImplicitGlobal;","        }","","        if (err) {","            throw err;","        }","    });","","    it(\"should throw a TypeError if the path is not a string\", function () {","        expect(function () {","            rewire(null);","        }).to.throwException(checkForTypeError);","    });","","    it(\"should also revert nested changes (with dot notation)\", function () {","        var rewiredModuleA = rewire(\"./moduleA.js\"),","            revert;","","        revert = rewiredModuleA.__set__(\"myObj.test\", true);","        expect(rewiredModuleA.getMyObj()).to.eql({","            test: true","        });","        revert();","        // This test also demonstrates a known drawback of the current implementation","        // If the value doesn't exist at the time it is about to be set, it will be","        // reverted to undefined instead deleting it from the object","        // However, this is probably not a real world use-case because why would you","        // want to mock something when it is not set.","        expect(rewiredModuleA.getMyObj()).to.eql({","            test: undefined","        });","","        revert = rewiredModuleA.__set__({","            \"myObj.test\": true","        });","        expect(rewiredModuleA.getMyObj()).to.eql({","            test: true","        });","        revert();","        expect(rewiredModuleA.getMyObj()).to.eql({","            test: undefined","        });","","    });","","    it(\"should be possible to mock undefined, implicit globals\", function () {","        var implicitGlobalModule,","            err;","","        try {","            implicitGlobalModule = rewire(\"./implicitGlobal.js\");","            implicitGlobalModule.__set__(\"undefinedImplicitGlobal\", \"yoo!\");","            expect(implicitGlobalModule.__get__(\"undefinedImplicitGlobal\")).to.equal(\"yoo!\");","","            implicitGlobalModule = rewire(\"./implicitGlobal.js\");","            implicitGlobalModule.__set__({","                undefinedImplicitGlobal: \"bro!\"","            });","            expect(implicitGlobalModule.__get__(\"undefinedImplicitGlobal\")).to.equal(\"bro!\");","        } catch (e) {","            err = e;","        } finally {","            // Cleaning up...","            delete global.implicitGlobal;","            delete global.undefinedImplicitGlobal;","        }","","        if (err) {","            throw err;","        }","    });","","    it(\"should be possible to mock and revert JSON.parse (see #40)\", function () {","        var moduleA = rewire(\"./moduleA.js\"),","            revert;","","        revert = moduleA.__set__({","            JSON: {","                parse: function () { return true; }","            }","        });","","        revert();","    });","","});",""],"l":{"10":2,"16":1,"17":0,"20":0,"22":0,"23":0,"24":0,"25":0,"26":0,"29":0,"30":0,"33":0,"34":0,"35":0,"38":0,"39":0,"42":0,"44":0,"45":0,"46":0,"47":0,"48":0,"52":0,"53":0,"54":0,"58":0,"59":0,"60":0,"64":0,"65":0,"66":0,"70":0,"71":0,"72":0,"75":0,"76":0,"77":0,"78":0,"82":0,"83":0,"85":0,"86":0,"87":0,"90":0,"92":0,"93":0,"98":0,"99":0,"102":0,"103":0,"104":0,"105":0,"106":0,"107":0,"112":0,"113":0,"115":0,"116":0,"121":0,"122":0,"125":0,"126":0,"128":0,"132":0,"133":0,"136":0,"137":0,"140":0,"141":0,"144":0,"145":0,"149":0,"150":0,"153":0,"154":0,"158":0,"159":0,"160":0,"163":0,"164":0,"171":0,"175":0,"176":0,"177":0,"178":0,"179":0,"180":0,"181":0,"182":0,"183":0,"184":0,"185":0,"187":0,"188":0,"189":0,"190":0,"194":0,"195":0,"197":0,"198":0,"199":0,"200":0,"201":0,"202":0,"203":0,"205":0,"206":0,"207":0,"208":0,"209":0,"210":0,"211":0,"216":0,"217":0,"219":0,"220":0,"223":0,"224":0,"225":0,"229":0,"230":0,"231":0,"235":0,"236":0,"237":0,"241":0,"242":0,"243":0,"246":0,"247":0,"250":0,"251":0,"253":0,"254":0,"258":0,"259":0,"261":0,"262":0,"264":0,"265":0,"267":0,"268":0,"273":0,"274":0,"277":0,"278":0,"280":0,"281":0,"286":0,"289":0,"290":0,"293":0,"294":0,"298":0,"299":0,"300":0,"304":0,"305":0,"308":0,"309":0,"312":0,"318":0,"322":0,"325":0,"328":0,"329":0,"335":0,"336":0,"339":0,"340":0,"341":0,"342":0,"344":0,"345":0,"348":0,"350":0,"353":0,"354":0,"357":0,"358":0,"362":0,"363":0,"366":0,"368":0,"372":0}},"/home/travis/build/npmtest/node-npmtest-rewire/node_modules/rewire/testLib/strictModule.js":{"path":"/home/travis/build/npmtest/node-npmtest-rewire/node_modules/rewire/testLib/strictModule.js","s":{"1":1,"2":0,"3":1},"b":{},"f":{"1":0},"fnMap":{"1":{"name":"doSomethingUnstrict","line":3,"loc":{"start":{"line":3,"column":0},"end":{"line":3,"column":31}}}},"statementMap":{"1":{"start":{"line":3,"column":0},"end":{"line":5,"column":1}},"2":{"start":{"line":4,"column":4},"end":{"line":4,"column":41}},"3":{"start":{"line":7,"column":0},"end":{"line":7,"column":50}}},"branchMap":{},"code":["\"use strict\"; // run code in ES5 strict mode","","function doSomethingUnstrict() {","    var caller = arguments.callee.caller;   // this should throw an error as a proof that strict mode is on","}","","exports.doSomethingUnstrict = doSomethingUnstrict;"],"l":{"3":1,"4":0,"7":1}},"/home/travis/build/npmtest/node-npmtest-rewire/node_modules/rewire/testLib/throwError.js":{"path":"/home/travis/build/npmtest/node-npmtest-rewire/node_modules/rewire/testLib/throwError.js","s":{"1":1,"2":0},"b":{},"f":{"1":0},"fnMap":{"1":{"name":"(anonymous_1)","line":1,"loc":{"start":{"line":1,"column":17},"end":{"line":1,"column":29}}}},"statementMap":{"1":{"start":{"line":1,"column":0},"end":{"line":3,"column":2}},"2":{"start":{"line":2,"column":4},"end":{"line":2,"column":22}}},"branchMap":{},"code":["module.exports = function () {","    throw new Error();","};",""],"l":{"1":1,"2":0}}}